{"/Users/leonidlogvinov/Dev/0x/0x-monorepo/packages/contracts/src/contracts/current/protocol/AssetProxy/MixinAuthorizable.sol":{"fnMap":{"0":{"name":"onlyAuthorized","line":33,"loc":{"start":{"line":33,"column":4},"end":{"line":39,"column":5}}},"4":{"name":"addAuthorizedAddress","line":46,"loc":{"start":{"line":46,"column":4},"end":{"line":58,"column":5}}},"10":{"name":"removeAuthorizedAddress","line":62,"loc":{"start":{"line":62,"column":4},"end":{"line":80,"column":5}}},"23":{"name":"removeAuthorizedAddressAtIndex","line":85,"loc":{"start":{"line":85,"column":4},"end":{"line":104,"column":5}}},"30":{"name":"getAuthorizedAddresses","line":108,"loc":{"start":{"line":108,"column":4},"end":{"line":114,"column":5}}}},"branchMap":{"18":{"line":73,"type":"if","locations":[{"start":{"line":73,"column":42},"end":{"line":77,"column":13}},{"start":{"line":73,"column":12},"end":{"line":77,"column":13}}]}},"statementMap":{"1":{"start":{"line":33,"column":4},"end":{"line":39,"column":5}},"2":{"start":{"line":34,"column":8},"end":{"line":37,"column":9}},"3":{"start":{"line":38,"column":8},"end":{"line":38,"column":9}},"5":{"start":{"line":46,"column":4},"end":{"line":58,"column":5}},"6":{"start":{"line":50,"column":8},"end":{"line":53,"column":9}},"7":{"start":{"line":55,"column":8},"end":{"line":55,"column":33}},"8":{"start":{"line":56,"column":8},"end":{"line":56,"column":32}},"9":{"start":{"line":48,"column":8},"end":{"line":48,"column":17}},"11":{"start":{"line":62,"column":4},"end":{"line":80,"column":5}},"12":{"start":{"line":66,"column":8},"end":{"line":69,"column":9}},"13":{"start":{"line":71,"column":8},"end":{"line":71,"column":33}},"14":{"start":{"line":72,"column":8},"end":{"line":78,"column":9}},"15":{"start":{"line":72,"column":13},"end":{"line":72,"column":24}},"16":{"start":{"line":72,"column":49},"end":{"line":72,"column":52}},"17":{"start":{"line":73,"column":12},"end":{"line":77,"column":13}},"19":{"start":{"line":74,"column":16},"end":{"line":74,"column":68}},"20":{"start":{"line":75,"column":16},"end":{"line":75,"column":39}},"21":{"start":{"line":76,"column":16},"end":{"line":76,"column":22}},"22":{"start":{"line":64,"column":8},"end":{"line":64,"column":17}},"24":{"start":{"line":85,"column":4},"end":{"line":104,"column":5}},"25":{"start":{"line":91,"column":8},"end":{"line":94,"column":9}},"26":{"start":{"line":95,"column":8},"end":{"line":98,"column":9}},"27":{"start":{"line":100,"column":8},"end":{"line":100,"column":33}},"28":{"start":{"line":101,"column":8},"end":{"line":101,"column":64}},"29":{"start":{"line":102,"column":8},"end":{"line":102,"column":31}},"31":{"start":{"line":108,"column":4},"end":{"line":114,"column":5}},"32":{"start":{"line":113,"column":8},"end":{"line":113,"column":27}}},"modifiersStatementIds":[9,22],"path":"/Users/leonidlogvinov/Dev/0x/0x-monorepo/packages/contracts/src/contracts/current/protocol/AssetProxy/MixinAuthorizable.sol","f":{"0":91,"4":103,"10":6,"23":0,"30":7},"s":{"1":91,"2":91,"3":0,"5":103,"6":19,"7":18,"8":18,"9":103,"11":6,"12":5,"13":4,"14":6,"15":6,"16":0,"17":4,"19":4,"20":4,"21":4,"22":6,"24":0,"25":0,"26":0,"27":0,"28":0,"29":0,"31":7,"32":3},"b":{"18":[4,4]},"l":{"33":0,"34":0,"38":0,"46":6,"48":6,"50":2,"55":2,"56":2,"62":2,"64":2,"66":2,"71":2,"72":2,"73":2,"74":2,"75":2,"76":2,"85":0,"91":0,"95":0,"100":0,"101":0,"102":0,"108":2,"113":0}},"/Users/leonidlogvinov/Dev/0x/0x-monorepo/packages/contracts/src/contracts/current/protocol/AssetProxy/interfaces/IAuthorizable.sol":{"fnMap":{"0":{"name":"getAuthorizedAddresses","line":30,"loc":{"start":{"line":30,"column":4},"end":{"line":33,"column":28}}},"2":{"name":"addAuthorizedAddress","line":37,"loc":{"start":{"line":37,"column":4},"end":{"line":38,"column":17}}},"4":{"name":"removeAuthorizedAddress","line":42,"loc":{"start":{"line":42,"column":4},"end":{"line":43,"column":17}}},"6":{"name":"removeAuthorizedAddressAtIndex","line":48,"loc":{"start":{"line":48,"column":4},"end":{"line":52,"column":17}}}},"branchMap":{},"statementMap":{"1":{"start":{"line":30,"column":4},"end":{"line":33,"column":28}},"3":{"start":{"line":37,"column":4},"end":{"line":38,"column":17}},"5":{"start":{"line":42,"column":4},"end":{"line":43,"column":17}},"7":{"start":{"line":48,"column":4},"end":{"line":52,"column":17}}},"modifiersStatementIds":[],"path":"/Users/leonidlogvinov/Dev/0x/0x-monorepo/packages/contracts/src/contracts/current/protocol/AssetProxy/interfaces/IAuthorizable.sol","f":{"0":0,"2":0,"4":0,"6":0},"s":{"1":0,"3":0,"5":0,"7":0},"b":{},"l":{"30":0,"37":0,"42":0,"48":0}},"/Users/leonidlogvinov/Dev/0x/0x-monorepo/packages/contracts/src/contracts/current/protocol/AssetProxy/libs/LibAssetProxyErrors.sol":{"fnMap":{},"branchMap":{},"statementMap":{},"modifiersStatementIds":[],"path":"/Users/leonidlogvinov/Dev/0x/0x-monorepo/packages/contracts/src/contracts/current/protocol/AssetProxy/libs/LibAssetProxyErrors.sol","f":{},"s":{},"b":{},"l":{}},"/Users/leonidlogvinov/Dev/0x/0x-monorepo/packages/contracts/src/contracts/current/protocol/AssetProxy/mixins/MAuthorizable.sol":{"fnMap":{"0":{"name":"onlyAuthorized","line":41,"loc":{"start":{"line":41,"column":4},"end":{"line":41,"column":44}}}},"branchMap":{},"statementMap":{"1":{"start":{"line":41,"column":4},"end":{"line":41,"column":44}},"2":{"start":{"line":41,"column":30},"end":{"line":41,"column":38}},"3":{"start":{"line":41,"column":40},"end":{"line":41,"column":41}}},"modifiersStatementIds":[],"path":"/Users/leonidlogvinov/Dev/0x/0x-monorepo/packages/contracts/src/contracts/current/protocol/AssetProxy/mixins/MAuthorizable.sol","f":{"0":0},"s":{"1":0,"2":0,"3":0},"b":{},"l":{"41":0}},"/Users/leonidlogvinov/Dev/0x/0x-monorepo/packages/contracts/src/contracts/current/utils/Ownable/IOwnable.sol":{"fnMap":{"0":{"name":"transferOwnership","line":12,"loc":{"start":{"line":12,"column":4},"end":{"line":13,"column":15}}}},"branchMap":{},"statementMap":{"1":{"start":{"line":12,"column":4},"end":{"line":13,"column":15}}},"modifiersStatementIds":[],"path":"/Users/leonidlogvinov/Dev/0x/0x-monorepo/packages/contracts/src/contracts/current/utils/Ownable/IOwnable.sol","f":{"0":0},"s":{"1":0},"b":{},"l":{"12":0}},"/Users/leonidlogvinov/Dev/0x/0x-monorepo/packages/contracts/src/contracts/current/utils/Ownable/Ownable.sol":{"fnMap":{"0":{"name":null,"line":16,"loc":{"start":{"line":16,"column":4},"end":{"line":20,"column":5}}},"3":{"name":"onlyOwner","line":22,"loc":{"start":{"line":22,"column":4},"end":{"line":28,"column":5}}},"7":{"name":"transferOwnership","line":30,"loc":{"start":{"line":30,"column":4},"end":{"line":37,"column":5}}}},"branchMap":{"10":{"line":34,"type":"if","locations":[{"start":{"line":34,"column":36},"end":{"line":36,"column":9}},{"start":{"line":34,"column":8},"end":{"line":36,"column":9}}]}},"statementMap":{"1":{"start":{"line":16,"column":4},"end":{"line":20,"column":5}},"2":{"start":{"line":19,"column":8},"end":{"line":19,"column":26}},"4":{"start":{"line":22,"column":4},"end":{"line":28,"column":5}},"5":{"start":{"line":23,"column":8},"end":{"line":26,"column":9}},"6":{"start":{"line":27,"column":8},"end":{"line":27,"column":9}},"8":{"start":{"line":30,"column":4},"end":{"line":37,"column":5}},"9":{"start":{"line":34,"column":8},"end":{"line":36,"column":9}},"11":{"start":{"line":35,"column":12},"end":{"line":35,"column":28}},"12":{"start":{"line":32,"column":8},"end":{"line":32,"column":17}}},"modifiersStatementIds":[12],"path":"/Users/leonidlogvinov/Dev/0x/0x-monorepo/packages/contracts/src/contracts/current/utils/Ownable/Ownable.sol","f":{"0":44,"3":322,"7":2},"s":{"1":44,"2":44,"4":322,"5":322,"6":0,"8":2,"9":2,"11":2,"12":2},"b":{"10":[2,2]},"l":{"16":2,"19":2,"22":6,"23":6,"27":0,"30":2,"32":2,"34":2,"35":2}},"/Users/leonidlogvinov/Dev/0x/0x-monorepo/packages/contracts/src/contracts/current/multisig/MultiSigWallet.sol":{"fnMap":{"0":{"name":"onlyWallet","line":33,"loc":{"start":{"line":33,"column":4},"end":{"line":37,"column":5}}},"6":{"name":"ownerDoesNotExist","line":39,"loc":{"start":{"line":39,"column":4},"end":{"line":43,"column":5}}},"12":{"name":"ownerExists","line":45,"loc":{"start":{"line":45,"column":4},"end":{"line":49,"column":5}}},"18":{"name":"transactionExists","line":51,"loc":{"start":{"line":51,"column":4},"end":{"line":55,"column":5}}},"24":{"name":"confirmed","line":57,"loc":{"start":{"line":57,"column":4},"end":{"line":61,"column":5}}},"30":{"name":"notConfirmed","line":63,"loc":{"start":{"line":63,"column":4},"end":{"line":67,"column":5}}},"36":{"name":"notExecuted","line":69,"loc":{"start":{"line":69,"column":4},"end":{"line":73,"column":5}}},"42":{"name":"notNull","line":75,"loc":{"start":{"line":75,"column":4},"end":{"line":79,"column":5}}},"48":{"name":"validRequirement","line":81,"loc":{"start":{"line":81,"column":4},"end":{"line":88,"column":5}}},"57":{"name":"","line":91,"loc":{"start":{"line":91,"column":4},"end":{"line":96,"column":5}}},"62":{"name":"MultiSigWallet","line":104,"loc":{"start":{"line":104,"column":4},"end":{"line":115,"column":5}}},"75":{"name":"addOwner","line":119,"loc":{"start":{"line":119,"column":4},"end":{"line":129,"column":5}}},"84":{"name":"removeOwner","line":133,"loc":{"start":{"line":133,"column":4},"end":{"line":148,"column":5}}},"101":{"name":"replaceOwner","line":153,"loc":{"start":{"line":153,"column":4},"end":{"line":168,"column":5}}},"117":{"name":"changeRequirement","line":172,"loc":{"start":{"line":172,"column":4},"end":{"line":179,"column":5}}},"123":{"name":"submitTransaction","line":186,"loc":{"start":{"line":186,"column":4},"end":{"line":192,"column":5}}},"127":{"name":"confirmTransaction","line":196,"loc":{"start":{"line":196,"column":4},"end":{"line":205,"column":5}}},"135":{"name":"revokeConfirmation","line":209,"loc":{"start":{"line":209,"column":4},"end":{"line":217,"column":5}}},"142":{"name":"executeTransaction","line":221,"loc":{"start":{"line":221,"column":4},"end":{"line":235,"column":5}}},"154":{"name":"isConfirmed","line":240,"loc":{"start":{"line":240,"column":4},"end":{"line":252,"column":5}}},"166":{"name":"addTransaction","line":262,"loc":{"start":{"line":262,"column":4},"end":{"line":276,"column":5}}},"173":{"name":"getConfirmationCount","line":284,"loc":{"start":{"line":284,"column":4},"end":{"line":292,"column":5}}},"181":{"name":"getTransactionCount","line":298,"loc":{"start":{"line":298,"column":4},"end":{"line":307,"column":5}}},"192":{"name":"getOwners","line":311,"loc":{"start":{"line":311,"column":4},"end":{"line":317,"column":5}}},"195":{"name":"getConfirmations","line":322,"loc":{"start":{"line":322,"column":4},"end":{"line":338,"column":5}}},"212":{"name":"getTransactionIds","line":346,"loc":{"start":{"line":346,"column":4},"end":{"line":364,"column":5}}}},"branchMap":{"3":{"line":34,"type":"if","locations":[{"start":{"line":35,"column":12},"end":{"line":35,"column":18}},{"start":{"line":34,"column":8},"end":{"line":35,"column":18}}]},"9":{"line":40,"type":"if","locations":[{"start":{"line":41,"column":12},"end":{"line":41,"column":18}},{"start":{"line":40,"column":8},"end":{"line":41,"column":18}}]},"15":{"line":46,"type":"if","locations":[{"start":{"line":47,"column":12},"end":{"line":47,"column":18}},{"start":{"line":46,"column":8},"end":{"line":47,"column":18}}]},"21":{"line":52,"type":"if","locations":[{"start":{"line":53,"column":12},"end":{"line":53,"column":18}},{"start":{"line":52,"column":8},"end":{"line":53,"column":18}}]},"27":{"line":58,"type":"if","locations":[{"start":{"line":59,"column":12},"end":{"line":59,"column":18}},{"start":{"line":58,"column":8},"end":{"line":59,"column":18}}]},"33":{"line":64,"type":"if","locations":[{"start":{"line":65,"column":12},"end":{"line":65,"column":18}},{"start":{"line":64,"column":8},"end":{"line":65,"column":18}}]},"39":{"line":70,"type":"if","locations":[{"start":{"line":71,"column":12},"end":{"line":71,"column":18}},{"start":{"line":70,"column":8},"end":{"line":71,"column":18}}]},"45":{"line":76,"type":"if","locations":[{"start":{"line":77,"column":12},"end":{"line":77,"column":18}},{"start":{"line":76,"column":8},"end":{"line":77,"column":18}}]},"51":{"line":82,"type":"if","locations":[{"start":{"line":86,"column":12},"end":{"line":86,"column":18}},{"start":{"line":82,"column":8},"end":{"line":86,"column":18}}]},"52":{"line":82,"type":"binary-expr","locations":[{"start":{"line":82,"column":15},"end":{"line":84,"column":29}},{"start":{"line":85,"column":15},"end":{"line":85,"column":30}}]},"53":{"line":82,"type":"binary-expr","locations":[{"start":{"line":82,"column":15},"end":{"line":83,"column":37}},{"start":{"line":84,"column":15},"end":{"line":84,"column":29}}]},"54":{"line":82,"type":"binary-expr","locations":[{"start":{"line":82,"column":15},"end":{"line":82,"column":43}},{"start":{"line":83,"column":15},"end":{"line":83,"column":37}}]},"60":{"line":94,"type":"if","locations":[{"start":{"line":95,"column":12},"end":{"line":95,"column":43}},{"start":{"line":94,"column":8},"end":{"line":95,"column":43}}]},"68":{"line":109,"type":"if","locations":[{"start":{"line":110,"column":16},"end":{"line":110,"column":22}},{"start":{"line":109,"column":12},"end":{"line":110,"column":22}}]},"69":{"line":109,"type":"binary-expr","locations":[{"start":{"line":109,"column":16},"end":{"line":109,"column":35}},{"start":{"line":109,"column":39},"end":{"line":109,"column":54}}]},"91":{"line":140,"type":"if","locations":[{"start":{"line":140,"column":36},"end":{"line":143,"column":13}},{"start":{"line":140,"column":12},"end":{"line":143,"column":13}}]},"96":{"line":145,"type":"if","locations":[{"start":{"line":146,"column":12},"end":{"line":146,"column":45}},{"start":{"line":145,"column":8},"end":{"line":146,"column":45}}]},"107":{"line":160,"type":"if","locations":[{"start":{"line":160,"column":36},"end":{"line":163,"column":13}},{"start":{"line":160,"column":12},"end":{"line":163,"column":13}}]},"145":{"line":225,"type":"if","locations":[{"start":{"line":225,"column":40},"end":{"line":234,"column":9}},{"start":{"line":225,"column":8},"end":{"line":234,"column":9}}]},"149":{"line":228,"type":"if","locations":[{"start":{"line":229,"column":16},"end":{"line":229,"column":41}},{"start":{"line":230,"column":17},"end":{"line":233,"column":13}}]},"161":{"line":247,"type":"if","locations":[{"start":{"line":248,"column":16},"end":{"line":248,"column":27}},{"start":{"line":247,"column":12},"end":{"line":248,"column":27}}]},"164":{"line":249,"type":"if","locations":[{"start":{"line":250,"column":16},"end":{"line":250,"column":28}},{"start":{"line":249,"column":12},"end":{"line":250,"column":28}}]},"179":{"line":290,"type":"if","locations":[{"start":{"line":291,"column":16},"end":{"line":291,"column":27}},{"start":{"line":290,"column":12},"end":{"line":291,"column":27}}]},"187":{"line":304,"type":"if","locations":[{"start":{"line":306,"column":16},"end":{"line":306,"column":27}},{"start":{"line":304,"column":12},"end":{"line":306,"column":27}}]},"188":{"line":304,"type":"binary-expr","locations":[{"start":{"line":304,"column":19},"end":{"line":304,"column":55}},{"start":{"line":305,"column":19},"end":{"line":305,"column":55}}]},"189":{"line":304,"type":"binary-expr","locations":[{"start":{"line":304,"column":19},"end":{"line":304,"column":26}},{"start":{"line":304,"column":30},"end":{"line":304,"column":55}}]},"190":{"line":305,"type":"binary-expr","locations":[{"start":{"line":305,"column":19},"end":{"line":305,"column":27}},{"start":{"line":305,"column":31},"end":{"line":305,"column":55}}]},"204":{"line":331,"type":"if","locations":[{"start":{"line":331,"column":57},"end":{"line":334,"column":13}},{"start":{"line":331,"column":12},"end":{"line":334,"column":13}}]},"221":{"line":355,"type":"if","locations":[{"start":{"line":357,"column":12},"end":{"line":360,"column":13}},{"start":{"line":355,"column":12},"end":{"line":360,"column":13}}]},"222":{"line":355,"type":"binary-expr","locations":[{"start":{"line":355,"column":19},"end":{"line":355,"column":55}},{"start":{"line":356,"column":19},"end":{"line":356,"column":55}}]},"223":{"line":355,"type":"binary-expr","locations":[{"start":{"line":355,"column":19},"end":{"line":355,"column":26}},{"start":{"line":355,"column":30},"end":{"line":355,"column":55}}]},"224":{"line":356,"type":"binary-expr","locations":[{"start":{"line":356,"column":19},"end":{"line":356,"column":27}},{"start":{"line":356,"column":31},"end":{"line":356,"column":55}}]}},"statementMap":{"1":{"start":{"line":33,"column":4},"end":{"line":37,"column":5}},"2":{"start":{"line":34,"column":8},"end":{"line":35,"column":18}},"4":{"start":{"line":35,"column":12},"end":{"line":35,"column":18}},"5":{"start":{"line":36,"column":8},"end":{"line":36,"column":9}},"7":{"start":{"line":39,"column":4},"end":{"line":43,"column":5}},"8":{"start":{"line":40,"column":8},"end":{"line":41,"column":18}},"10":{"start":{"line":41,"column":12},"end":{"line":41,"column":18}},"11":{"start":{"line":42,"column":8},"end":{"line":42,"column":9}},"13":{"start":{"line":45,"column":4},"end":{"line":49,"column":5}},"14":{"start":{"line":46,"column":8},"end":{"line":47,"column":18}},"16":{"start":{"line":47,"column":12},"end":{"line":47,"column":18}},"17":{"start":{"line":48,"column":8},"end":{"line":48,"column":9}},"19":{"start":{"line":51,"column":4},"end":{"line":55,"column":5}},"20":{"start":{"line":52,"column":8},"end":{"line":53,"column":18}},"22":{"start":{"line":53,"column":12},"end":{"line":53,"column":18}},"23":{"start":{"line":54,"column":8},"end":{"line":54,"column":9}},"25":{"start":{"line":57,"column":4},"end":{"line":61,"column":5}},"26":{"start":{"line":58,"column":8},"end":{"line":59,"column":18}},"28":{"start":{"line":59,"column":12},"end":{"line":59,"column":18}},"29":{"start":{"line":60,"column":8},"end":{"line":60,"column":9}},"31":{"start":{"line":63,"column":4},"end":{"line":67,"column":5}},"32":{"start":{"line":64,"column":8},"end":{"line":65,"column":18}},"34":{"start":{"line":65,"column":12},"end":{"line":65,"column":18}},"35":{"start":{"line":66,"column":8},"end":{"line":66,"column":9}},"37":{"start":{"line":69,"column":4},"end":{"line":73,"column":5}},"38":{"start":{"line":70,"column":8},"end":{"line":71,"column":18}},"40":{"start":{"line":71,"column":12},"end":{"line":71,"column":18}},"41":{"start":{"line":72,"column":8},"end":{"line":72,"column":9}},"43":{"start":{"line":75,"column":4},"end":{"line":79,"column":5}},"44":{"start":{"line":76,"column":8},"end":{"line":77,"column":18}},"46":{"start":{"line":77,"column":12},"end":{"line":77,"column":18}},"47":{"start":{"line":78,"column":8},"end":{"line":78,"column":9}},"49":{"start":{"line":81,"column":4},"end":{"line":88,"column":5}},"50":{"start":{"line":82,"column":8},"end":{"line":86,"column":18}},"55":{"start":{"line":86,"column":12},"end":{"line":86,"column":18}},"56":{"start":{"line":87,"column":8},"end":{"line":87,"column":9}},"58":{"start":{"line":91,"column":4},"end":{"line":96,"column":5}},"59":{"start":{"line":94,"column":8},"end":{"line":95,"column":43}},"61":{"start":{"line":95,"column":12},"end":{"line":95,"column":42}},"63":{"start":{"line":104,"column":4},"end":{"line":115,"column":5}},"64":{"start":{"line":108,"column":8},"end":{"line":112,"column":9}},"65":{"start":{"line":108,"column":13},"end":{"line":108,"column":22}},"66":{"start":{"line":108,"column":41},"end":{"line":108,"column":44}},"67":{"start":{"line":109,"column":12},"end":{"line":110,"column":22}},"70":{"start":{"line":110,"column":16},"end":{"line":110,"column":22}},"71":{"start":{"line":111,"column":12},"end":{"line":111,"column":38}},"72":{"start":{"line":113,"column":8},"end":{"line":113,"column":24}},"73":{"start":{"line":114,"column":8},"end":{"line":114,"column":28}},"74":{"start":{"line":106,"column":8},"end":{"line":106,"column":51}},"76":{"start":{"line":119,"column":4},"end":{"line":129,"column":5}},"77":{"start":{"line":126,"column":8},"end":{"line":126,"column":29}},"78":{"start":{"line":127,"column":8},"end":{"line":127,"column":26}},"79":{"start":{"line":128,"column":8},"end":{"line":128,"column":28}},"80":{"start":{"line":121,"column":8},"end":{"line":121,"column":18}},"81":{"start":{"line":122,"column":8},"end":{"line":122,"column":32}},"82":{"start":{"line":123,"column":8},"end":{"line":123,"column":22}},"83":{"start":{"line":124,"column":8},"end":{"line":124,"column":53}},"85":{"start":{"line":133,"column":4},"end":{"line":148,"column":5}},"86":{"start":{"line":138,"column":8},"end":{"line":138,"column":30}},"87":{"start":{"line":139,"column":8},"end":{"line":143,"column":13}},"88":{"start":{"line":139,"column":13},"end":{"line":139,"column":22}},"89":{"start":{"line":139,"column":44},"end":{"line":139,"column":47}},"90":{"start":{"line":140,"column":12},"end":{"line":143,"column":13}},"92":{"start":{"line":141,"column":16},"end":{"line":141,"column":53}},"93":{"start":{"line":142,"column":16},"end":{"line":142,"column":22}},"94":{"start":{"line":144,"column":8},"end":{"line":144,"column":26}},"95":{"start":{"line":145,"column":8},"end":{"line":146,"column":45}},"97":{"start":{"line":146,"column":12},"end":{"line":146,"column":44}},"98":{"start":{"line":147,"column":8},"end":{"line":147,"column":27}},"99":{"start":{"line":135,"column":8},"end":{"line":135,"column":18}},"100":{"start":{"line":136,"column":8},"end":{"line":136,"column":26}},"102":{"start":{"line":153,"column":4},"end":{"line":168,"column":5}},"103":{"start":{"line":159,"column":8},"end":{"line":163,"column":13}},"104":{"start":{"line":159,"column":13},"end":{"line":159,"column":22}},"105":{"start":{"line":159,"column":40},"end":{"line":159,"column":43}},"106":{"start":{"line":160,"column":12},"end":{"line":163,"column":13}},"108":{"start":{"line":161,"column":16},"end":{"line":161,"column":36}},"109":{"start":{"line":162,"column":16},"end":{"line":162,"column":22}},"110":{"start":{"line":164,"column":8},"end":{"line":164,"column":30}},"111":{"start":{"line":165,"column":8},"end":{"line":165,"column":32}},"112":{"start":{"line":166,"column":8},"end":{"line":166,"column":27}},"113":{"start":{"line":167,"column":8},"end":{"line":167,"column":31}},"114":{"start":{"line":155,"column":8},"end":{"line":155,"column":18}},"115":{"start":{"line":156,"column":8},"end":{"line":156,"column":26}},"116":{"start":{"line":157,"column":8},"end":{"line":157,"column":35}},"118":{"start":{"line":172,"column":4},"end":{"line":179,"column":5}},"119":{"start":{"line":177,"column":8},"end":{"line":177,"column":28}},"120":{"start":{"line":178,"column":8},"end":{"line":178,"column":36}},"121":{"start":{"line":174,"column":8},"end":{"line":174,"column":18}},"122":{"start":{"line":175,"column":8},"end":{"line":175,"column":50}},"124":{"start":{"line":186,"column":4},"end":{"line":192,"column":5}},"125":{"start":{"line":190,"column":8},"end":{"line":190,"column":64}},"126":{"start":{"line":191,"column":8},"end":{"line":191,"column":41}},"128":{"start":{"line":196,"column":4},"end":{"line":205,"column":5}},"129":{"start":{"line":202,"column":8},"end":{"line":202,"column":55}},"130":{"start":{"line":203,"column":8},"end":{"line":203,"column":47}},"131":{"start":{"line":204,"column":8},"end":{"line":204,"column":41}},"132":{"start":{"line":198,"column":8},"end":{"line":198,"column":31}},"133":{"start":{"line":199,"column":8},"end":{"line":199,"column":40}},"134":{"start":{"line":200,"column":8},"end":{"line":200,"column":47}},"136":{"start":{"line":209,"column":4},"end":{"line":217,"column":5}},"137":{"start":{"line":215,"column":8},"end":{"line":215,"column":56}},"138":{"start":{"line":216,"column":8},"end":{"line":216,"column":45}},"139":{"start":{"line":211,"column":8},"end":{"line":211,"column":31}},"140":{"start":{"line":212,"column":8},"end":{"line":212,"column":44}},"141":{"start":{"line":213,"column":8},"end":{"line":213,"column":34}},"143":{"start":{"line":221,"column":4},"end":{"line":235,"column":5}},"144":{"start":{"line":225,"column":8},"end":{"line":234,"column":9}},"146":{"start":{"line":226,"column":12},"end":{"line":226,"column":57}},"147":{"start":{"line":227,"column":12},"end":{"line":227,"column":30}},"148":{"start":{"line":228,"column":12},"end":{"line":233,"column":13}},"150":{"start":{"line":229,"column":16},"end":{"line":229,"column":40}},"151":{"start":{"line":231,"column":16},"end":{"line":231,"column":47}},"152":{"start":{"line":232,"column":16},"end":{"line":232,"column":35}},"153":{"start":{"line":223,"column":8},"end":{"line":223,"column":34}},"155":{"start":{"line":240,"column":4},"end":{"line":252,"column":5}},"156":{"start":{"line":245,"column":8},"end":{"line":245,"column":23}},"157":{"start":{"line":246,"column":8},"end":{"line":251,"column":9}},"158":{"start":{"line":246,"column":13},"end":{"line":246,"column":22}},"159":{"start":{"line":246,"column":40},"end":{"line":246,"column":43}},"160":{"start":{"line":247,"column":12},"end":{"line":248,"column":27}},"162":{"start":{"line":248,"column":16},"end":{"line":248,"column":26}},"163":{"start":{"line":249,"column":12},"end":{"line":250,"column":28}},"165":{"start":{"line":250,"column":16},"end":{"line":250,"column":28}},"167":{"start":{"line":262,"column":4},"end":{"line":276,"column":5}},"168":{"start":{"line":267,"column":8},"end":{"line":267,"column":40}},"169":{"start":{"line":268,"column":8},"end":{"line":273,"column":10}},"170":{"start":{"line":274,"column":8},"end":{"line":274,"column":29}},"171":{"start":{"line":275,"column":8},"end":{"line":275,"column":33}},"172":{"start":{"line":264,"column":8},"end":{"line":264,"column":28}},"174":{"start":{"line":284,"column":4},"end":{"line":292,"column":5}},"175":{"start":{"line":289,"column":8},"end":{"line":291,"column":27}},"176":{"start":{"line":289,"column":13},"end":{"line":289,"column":22}},"177":{"start":{"line":289,"column":40},"end":{"line":289,"column":43}},"178":{"start":{"line":290,"column":12},"end":{"line":291,"column":27}},"180":{"start":{"line":291,"column":16},"end":{"line":291,"column":26}},"182":{"start":{"line":298,"column":4},"end":{"line":307,"column":5}},"183":{"start":{"line":303,"column":8},"end":{"line":306,"column":27}},"184":{"start":{"line":303,"column":13},"end":{"line":303,"column":22}},"185":{"start":{"line":303,"column":43},"end":{"line":303,"column":46}},"186":{"start":{"line":304,"column":12},"end":{"line":306,"column":27}},"191":{"start":{"line":306,"column":16},"end":{"line":306,"column":26}},"193":{"start":{"line":311,"column":4},"end":{"line":317,"column":5}},"194":{"start":{"line":316,"column":8},"end":{"line":316,"column":22}},"196":{"start":{"line":322,"column":4},"end":{"line":338,"column":5}},"197":{"start":{"line":327,"column":8},"end":{"line":327,"column":74}},"198":{"start":{"line":328,"column":8},"end":{"line":328,"column":23}},"199":{"start":{"line":329,"column":8},"end":{"line":329,"column":15}},"200":{"start":{"line":330,"column":8},"end":{"line":334,"column":13}},"201":{"start":{"line":330,"column":13},"end":{"line":330,"column":16}},"202":{"start":{"line":330,"column":35},"end":{"line":330,"column":38}},"203":{"start":{"line":331,"column":12},"end":{"line":334,"column":13}},"205":{"start":{"line":332,"column":16},"end":{"line":332,"column":52}},"206":{"start":{"line":333,"column":16},"end":{"line":333,"column":26}},"207":{"start":{"line":335,"column":8},"end":{"line":335,"column":45}},"208":{"start":{"line":336,"column":8},"end":{"line":337,"column":53}},"209":{"start":{"line":336,"column":13},"end":{"line":336,"column":16}},"210":{"start":{"line":336,"column":27},"end":{"line":336,"column":30}},"211":{"start":{"line":337,"column":12},"end":{"line":337,"column":52}},"213":{"start":{"line":346,"column":4},"end":{"line":364,"column":5}},"214":{"start":{"line":351,"column":8},"end":{"line":351,"column":72}},"215":{"start":{"line":352,"column":8},"end":{"line":352,"column":23}},"216":{"start":{"line":353,"column":8},"end":{"line":353,"column":15}},"217":{"start":{"line":354,"column":8},"end":{"line":360,"column":13}},"218":{"start":{"line":354,"column":13},"end":{"line":354,"column":16}},"219":{"start":{"line":354,"column":38},"end":{"line":354,"column":41}},"220":{"start":{"line":355,"column":12},"end":{"line":360,"column":13}},"225":{"start":{"line":358,"column":16},"end":{"line":358,"column":45}},"226":{"start":{"line":359,"column":16},"end":{"line":359,"column":26}},"227":{"start":{"line":361,"column":8},"end":{"line":361,"column":47}},"228":{"start":{"line":362,"column":8},"end":{"line":363,"column":62}},"229":{"start":{"line":362,"column":13},"end":{"line":362,"column":19}},"230":{"start":{"line":362,"column":27},"end":{"line":362,"column":30}},"231":{"start":{"line":363,"column":12},"end":{"line":363,"column":61}}},"modifiersStatementIds":[74,80,81,82,83,99,100,114,115,116,121,122,132,133,134,139,140,141,153,172],"path":"/Users/leonidlogvinov/Dev/0x/0x-monorepo/packages/contracts/src/contracts/current/multisig/MultiSigWallet.sol","f":{"0":7,"6":0,"12":26,"18":26,"24":0,"30":26,"36":34,"42":17,"48":5,"57":21,"62":5,"75":0,"84":0,"101":0,"117":0,"123":14,"127":0,"135":0,"142":0,"154":40,"166":14,"173":0,"181":0,"192":14,"195":0,"212":0},"s":{"1":7,"2":7,"4":2,"5":2,"7":0,"8":0,"10":0,"11":0,"13":26,"14":26,"16":0,"17":7,"19":26,"20":26,"22":0,"23":7,"25":0,"26":0,"28":0,"29":0,"31":26,"32":26,"34":0,"35":7,"37":34,"38":15,"40":1,"41":28,"43":17,"44":17,"46":1,"47":0,"49":5,"50":5,"55":0,"56":0,"58":21,"59":21,"61":0,"63":5,"64":5,"65":5,"66":5,"67":5,"70":0,"71":5,"72":5,"73":5,"74":5,"76":0,"77":0,"78":0,"79":0,"80":0,"81":0,"82":0,"83":0,"85":0,"86":0,"87":0,"88":0,"89":0,"90":0,"92":0,"93":0,"94":0,"95":0,"97":0,"98":0,"99":0,"100":0,"102":0,"103":0,"104":0,"105":0,"106":0,"108":0,"109":0,"110":0,"111":0,"112":0,"113":0,"114":0,"115":0,"116":0,"118":0,"119":0,"120":0,"121":0,"122":0,"124":14,"125":14,"126":14,"128":0,"129":0,"130":0,"131":0,"132":0,"133":0,"134":0,"136":0,"137":0,"138":0,"139":0,"140":0,"141":0,"143":0,"144":0,"146":0,"147":0,"148":0,"150":0,"151":0,"152":0,"153":0,"155":40,"156":0,"157":40,"158":0,"159":40,"160":40,"162":40,"163":40,"165":24,"167":14,"168":14,"169":14,"170":14,"171":14,"172":14,"174":0,"175":0,"176":0,"177":0,"178":0,"180":0,"182":0,"183":0,"184":0,"185":0,"186":0,"191":0,"193":14,"194":0,"196":0,"197":0,"198":0,"199":0,"200":0,"201":0,"202":0,"203":0,"205":0,"206":0,"207":0,"208":0,"209":0,"210":0,"211":0,"213":0,"214":0,"215":0,"216":0,"217":0,"218":0,"219":0,"220":0,"225":0,"226":0,"227":0,"228":0,"229":0,"230":0,"231":0},"b":{"3":[2,7],"9":[0,0],"15":[0,26],"21":[0,26],"27":[0,0],"33":[0,26],"39":[1,15],"45":[1,17],"51":[0,5],"52":[5,5],"53":[5,5],"54":[5,5],"60":[0,21],"68":[0,5],"69":[5,5],"91":[0,0],"96":[0,0],"107":[0,0],"145":[0,0],"149":[0,0],"161":[40,40],"164":[24,40],"179":[0,0],"187":[0,0],"188":[0,0],"189":[0,0],"190":[0,0],"204":[0,0],"221":[0,0],"222":[0,0],"223":[0,0],"224":[0,0]},"l":{"33":7,"34":7,"35":2,"36":2,"39":0,"40":0,"41":0,"42":0,"45":26,"46":26,"47":0,"48":7,"51":26,"52":26,"53":0,"54":7,"57":0,"58":0,"59":0,"60":0,"63":26,"64":26,"65":0,"66":7,"69":34,"70":15,"71":1,"72":28,"75":17,"76":17,"77":1,"78":0,"81":5,"82":5,"86":0,"87":0,"91":21,"94":21,"95":0,"104":5,"106":5,"108":5,"109":5,"110":0,"111":5,"113":5,"114":5,"119":0,"121":0,"122":0,"123":0,"124":0,"126":0,"127":0,"128":0,"133":0,"135":0,"136":0,"138":0,"139":0,"140":0,"141":0,"142":0,"144":0,"145":0,"146":0,"147":0,"153":0,"155":0,"156":0,"157":0,"159":0,"160":0,"161":0,"162":0,"164":0,"165":0,"166":0,"167":0,"172":0,"174":0,"175":0,"177":0,"178":0,"186":14,"190":14,"191":14,"196":0,"198":0,"199":0,"200":0,"202":0,"203":0,"204":0,"209":0,"211":0,"212":0,"213":0,"215":0,"216":0,"221":0,"223":0,"225":0,"226":0,"227":0,"228":0,"229":0,"231":0,"232":0,"240":40,"245":0,"246":40,"247":40,"248":40,"249":40,"250":24,"262":14,"264":14,"267":14,"268":14,"274":14,"275":14,"284":0,"289":0,"290":0,"291":0,"298":0,"303":0,"304":0,"306":0,"311":14,"316":0,"322":0,"327":0,"328":0,"329":0,"330":0,"331":0,"332":0,"333":0,"335":0,"336":0,"337":0,"346":0,"351":0,"352":0,"353":0,"354":0,"355":0,"358":0,"359":0,"361":0,"362":0,"363":0}},"/Users/leonidlogvinov/Dev/0x/0x-monorepo/packages/contracts/src/contracts/current/multisig/MultiSigWalletWithTimeLock.sol":{"fnMap":{"0":{"name":"notFullyConfirmed","line":34,"loc":{"start":{"line":34,"column":4},"end":{"line":37,"column":5}}},"4":{"name":"fullyConfirmed","line":39,"loc":{"start":{"line":39,"column":4},"end":{"line":42,"column":5}}},"8":{"name":"pastTimeLock","line":44,"loc":{"start":{"line":44,"column":4},"end":{"line":47,"column":5}}},"12":{"name":"MultiSigWalletWithTimeLock","line":57,"loc":{"start":{"line":57,"column":4},"end":{"line":62,"column":5}}},"16":{"name":"changeTimeLock","line":66,"loc":{"start":{"line":66,"column":4},"end":{"line":72,"column":5}}},"21":{"name":"confirmTransaction","line":76,"loc":{"start":{"line":76,"column":4},"end":{"line":88,"column":5}}},"32":{"name":"revokeConfirmation","line":92,"loc":{"start":{"line":92,"column":4},"end":{"line":101,"column":5}}},"40":{"name":"executeTransaction","line":105,"loc":{"start":{"line":105,"column":4},"end":{"line":119,"column":5}}},"52":{"name":"setConfirmationTime","line":126,"loc":{"start":{"line":126,"column":4},"end":{"line":131,"column":5}}}},"branchMap":{"26":{"line":85,"type":"if","locations":[{"start":{"line":85,"column":40},"end":{"line":87,"column":9}},{"start":{"line":85,"column":8},"end":{"line":87,"column":9}}]},"45":{"line":113,"type":"if","locations":[{"start":{"line":114,"column":12},"end":{"line":114,"column":37}},{"start":{"line":115,"column":13},"end":{"line":118,"column":9}}]}},"statementMap":{"1":{"start":{"line":34,"column":4},"end":{"line":37,"column":5}},"2":{"start":{"line":35,"column":8},"end":{"line":35,"column":44}},"3":{"start":{"line":36,"column":8},"end":{"line":36,"column":9}},"5":{"start":{"line":39,"column":4},"end":{"line":42,"column":5}},"6":{"start":{"line":40,"column":8},"end":{"line":40,"column":43}},"7":{"start":{"line":41,"column":8},"end":{"line":41,"column":9}},"9":{"start":{"line":44,"column":4},"end":{"line":47,"column":5}},"10":{"start":{"line":45,"column":8},"end":{"line":45,"column":88}},"11":{"start":{"line":46,"column":8},"end":{"line":46,"column":9}},"13":{"start":{"line":57,"column":4},"end":{"line":62,"column":5}},"14":{"start":{"line":61,"column":8},"end":{"line":61,"column":46}},"15":{"start":{"line":59,"column":8},"end":{"line":59,"column":42}},"17":{"start":{"line":66,"column":4},"end":{"line":72,"column":5}},"18":{"start":{"line":70,"column":8},"end":{"line":70,"column":46}},"19":{"start":{"line":71,"column":8},"end":{"line":71,"column":42}},"20":{"start":{"line":68,"column":8},"end":{"line":68,"column":18}},"22":{"start":{"line":76,"column":4},"end":{"line":88,"column":5}},"23":{"start":{"line":83,"column":8},"end":{"line":83,"column":55}},"24":{"start":{"line":84,"column":8},"end":{"line":84,"column":47}},"25":{"start":{"line":85,"column":8},"end":{"line":87,"column":9}},"27":{"start":{"line":86,"column":12},"end":{"line":86,"column":63}},"28":{"start":{"line":78,"column":8},"end":{"line":78,"column":31}},"29":{"start":{"line":79,"column":8},"end":{"line":79,"column":40}},"30":{"start":{"line":80,"column":8},"end":{"line":80,"column":47}},"31":{"start":{"line":81,"column":8},"end":{"line":81,"column":40}},"33":{"start":{"line":92,"column":4},"end":{"line":101,"column":5}},"34":{"start":{"line":99,"column":8},"end":{"line":99,"column":56}},"35":{"start":{"line":100,"column":8},"end":{"line":100,"column":45}},"36":{"start":{"line":94,"column":8},"end":{"line":94,"column":31}},"37":{"start":{"line":95,"column":8},"end":{"line":95,"column":44}},"38":{"start":{"line":96,"column":8},"end":{"line":96,"column":34}},"39":{"start":{"line":97,"column":8},"end":{"line":97,"column":40}},"41":{"start":{"line":105,"column":4},"end":{"line":119,"column":5}},"42":{"start":{"line":111,"column":8},"end":{"line":111,"column":61}},"43":{"start":{"line":112,"column":8},"end":{"line":112,"column":26}},"44":{"start":{"line":113,"column":8},"end":{"line":118,"column":9}},"46":{"start":{"line":114,"column":12},"end":{"line":114,"column":36}},"47":{"start":{"line":116,"column":12},"end":{"line":116,"column":43}},"48":{"start":{"line":117,"column":12},"end":{"line":117,"column":31}},"49":{"start":{"line":107,"column":8},"end":{"line":107,"column":34}},"50":{"start":{"line":108,"column":8},"end":{"line":108,"column":37}},"51":{"start":{"line":109,"column":8},"end":{"line":109,"column":35}},"53":{"start":{"line":126,"column":4},"end":{"line":131,"column":5}},"54":{"start":{"line":129,"column":8},"end":{"line":129,"column":59}},"55":{"start":{"line":130,"column":8},"end":{"line":130,"column":60}}},"modifiersStatementIds":[15,20,28,29,30,31,36,37,38,39,49,50,51],"path":"/Users/leonidlogvinov/Dev/0x/0x-monorepo/packages/contracts/src/contracts/current/multisig/MultiSigWalletWithTimeLock.sol","f":{"0":26,"4":33,"8":8,"12":5,"16":3,"21":26,"32":0,"40":9,"52":12},"s":{"1":26,"2":26,"3":0,"5":33,"6":14,"7":28,"9":8,"10":8,"11":0,"13":5,"14":5,"15":5,"17":3,"18":2,"19":2,"20":3,"22":26,"23":26,"24":26,"25":26,"27":16,"28":26,"29":26,"30":26,"31":26,"33":0,"34":0,"35":0,"36":0,"37":0,"38":0,"39":0,"41":9,"42":9,"43":7,"44":7,"46":6,"47":1,"48":1,"49":9,"50":9,"51":9,"53":12,"54":12,"55":12},"b":{"26":[16,26],"45":[6,1]},"l":{"34":26,"35":26,"36":0,"39":33,"40":14,"41":28,"44":8,"45":8,"46":0,"57":5,"59":5,"61":5,"66":3,"68":3,"70":2,"71":2,"76":26,"78":26,"79":26,"80":26,"81":26,"83":26,"84":26,"85":26,"86":16,"92":0,"94":0,"95":0,"96":0,"97":0,"99":0,"100":0,"105":9,"107":9,"108":9,"109":9,"111":9,"112":7,"113":7,"114":6,"116":1,"117":1,"126":12,"129":12,"130":12}},"/Users/leonidlogvinov/Dev/0x/0x-monorepo/packages/contracts/src/contracts/current/protocol/AssetProxyOwner/AssetProxyOwner.sol":{"fnMap":{"0":{"name":"validRemoveAuthorizedAddressTx","line":39,"loc":{"start":{"line":39,"column":4},"end":{"line":44,"column":5}}},"6":{"name":"AssetProxyOwner","line":52,"loc":{"start":{"line":52,"column":4},"end":{"line":66,"column":5}}},"15":{"name":"registerAssetProxy","line":72,"loc":{"start":{"line":72,"column":4},"end":{"line":79,"column":5}}},"21":{"name":"executeRemoveAuthorizedAddress","line":83,"loc":{"start":{"line":83,"column":4},"end":{"line":97,"column":5}}},"33":{"name":"isFunctionRemoveAuthorizedAddress","line":102,"loc":{"start":{"line":102,"column":4},"end":{"line":110,"column":5}}}},"branchMap":{"26":{"line":91,"type":"if","locations":[{"start":{"line":92,"column":12},"end":{"line":92,"column":37}},{"start":{"line":93,"column":13},"end":{"line":96,"column":9}}]}},"statementMap":{"1":{"start":{"line":39,"column":4},"end":{"line":44,"column":5}},"2":{"start":{"line":40,"column":8},"end":{"line":40,"column":61}},"3":{"start":{"line":41,"column":8},"end":{"line":41,"column":55}},"4":{"start":{"line":42,"column":8},"end":{"line":42,"column":59}},"5":{"start":{"line":43,"column":8},"end":{"line":43,"column":9}},"7":{"start":{"line":52,"column":4},"end":{"line":66,"column":5}},"8":{"start":{"line":61,"column":8},"end":{"line":65,"column":9}},"9":{"start":{"line":61,"column":13},"end":{"line":61,"column":27}},"10":{"start":{"line":61,"column":61},"end":{"line":61,"column":64}},"11":{"start":{"line":62,"column":12},"end":{"line":62,"column":57}},"12":{"start":{"line":63,"column":12},"end":{"line":63,"column":45}},"13":{"start":{"line":64,"column":12},"end":{"line":64,"column":53}},"14":{"start":{"line":59,"column":8},"end":{"line":59,"column":74}},"16":{"start":{"line":72,"column":4},"end":{"line":79,"column":5}},"17":{"start":{"line":77,"column":8},"end":{"line":77,"column":65}},"18":{"start":{"line":78,"column":8},"end":{"line":78,"column":64}},"19":{"start":{"line":74,"column":8},"end":{"line":74,"column":18}},"20":{"start":{"line":75,"column":8},"end":{"line":75,"column":35}},"22":{"start":{"line":83,"column":4},"end":{"line":97,"column":5}},"23":{"start":{"line":89,"column":8},"end":{"line":89,"column":61}},"24":{"start":{"line":90,"column":8},"end":{"line":90,"column":26}},"25":{"start":{"line":91,"column":8},"end":{"line":96,"column":9}},"27":{"start":{"line":92,"column":12},"end":{"line":92,"column":36}},"28":{"start":{"line":94,"column":12},"end":{"line":94,"column":43}},"29":{"start":{"line":95,"column":12},"end":{"line":95,"column":31}},"30":{"start":{"line":85,"column":8},"end":{"line":85,"column":34}},"31":{"start":{"line":86,"column":8},"end":{"line":86,"column":37}},"32":{"start":{"line":87,"column":8},"end":{"line":87,"column":53}},"34":{"start":{"line":102,"column":4},"end":{"line":110,"column":5}},"35":{"start":{"line":107,"column":8},"end":{"line":107,"column":46}},"36":{"start":{"line":108,"column":8},"end":{"line":108,"column":66}},"37":{"start":{"line":109,"column":8},"end":{"line":109,"column":20}}},"modifiersStatementIds":[14,19,20,30,31,32],"path":"/Users/leonidlogvinov/Dev/0x/0x-monorepo/packages/contracts/src/contracts/current/protocol/AssetProxyOwner/AssetProxyOwner.sol","f":{"0":4,"6":3,"15":4,"21":25,"33":5},"s":{"1":4,"2":4,"3":4,"4":3,"5":0,"7":3,"8":3,"9":3,"10":2,"11":2,"12":2,"13":2,"14":3,"16":4,"17":2,"18":2,"19":4,"20":4,"22":25,"23":6,"24":2,"25":21,"27":2,"28":0,"29":0,"30":25,"31":25,"32":25,"34":5,"35":5,"36":5,"37":3},"b":{"26":[2,0]},"l":{"39":4,"40":4,"41":4,"42":3,"43":0,"52":3,"59":3,"61":3,"62":2,"63":2,"64":2,"72":4,"74":4,"75":4,"77":2,"78":2,"83":25,"85":25,"86":25,"87":25,"89":6,"90":2,"91":21,"92":2,"94":0,"95":0,"102":5,"107":5,"108":5,"109":3}},"/Users/leonidlogvinov/Dev/0x/0x-monorepo/packages/contracts/src/contracts/current/utils/LibBytes/LibBytes.sol":{"fnMap":{"0":{"name":"popByte","line":33,"loc":{"start":{"line":33,"column":4},"end":{"line":52,"column":5}}},"6":{"name":"popAddress","line":57,"loc":{"start":{"line":57,"column":4},"end":{"line":76,"column":5}}},"12":{"name":"areBytesEqual","line":82,"loc":{"start":{"line":82,"column":4},"end":{"line":111,"column":5}}},"16":{"name":"readAddress","line":117,"loc":{"start":{"line":117,"column":4},"end":{"line":143,"column":5}}},"22":{"name":"writeAddress","line":149,"loc":{"start":{"line":149,"column":4},"end":{"line":182,"column":5}}},"27":{"name":"readBytes32","line":188,"loc":{"start":{"line":188,"column":4},"end":{"line":209,"column":5}}},"33":{"name":"writeBytes32","line":215,"loc":{"start":{"line":215,"column":4},"end":{"line":235,"column":5}}},"38":{"name":"readUint256","line":241,"loc":{"start":{"line":241,"column":4},"end":{"line":250,"column":5}}},"41":{"name":"writeUint256","line":256,"loc":{"start":{"line":256,"column":4},"end":{"line":265,"column":5}}},"44":{"name":"readFirst4","line":270,"loc":{"start":{"line":270,"column":4},"end":{"line":283,"column":5}}}},"branchMap":{},"statementMap":{"1":{"start":{"line":33,"column":4},"end":{"line":52,"column":5}},"2":{"start":{"line":38,"column":8},"end":{"line":41,"column":9}},"3":{"start":{"line":44,"column":8},"end":{"line":44,"column":32}},"4":{"start":{"line":46,"column":8},"end":{"line":50,"column":9}},"5":{"start":{"line":51,"column":8},"end":{"line":51,"column":22}},"7":{"start":{"line":57,"column":4},"end":{"line":76,"column":5}},"8":{"start":{"line":62,"column":8},"end":{"line":65,"column":9}},"9":{"start":{"line":68,"column":8},"end":{"line":68,"column":46}},"10":{"start":{"line":70,"column":8},"end":{"line":74,"column":9}},"11":{"start":{"line":75,"column":8},"end":{"line":75,"column":22}},"13":{"start":{"line":82,"column":4},"end":{"line":111,"column":5}},"14":{"start":{"line":90,"column":8},"end":{"line":108,"column":8}},"15":{"start":{"line":110,"column":7},"end":{"line":110,"column":20}},"17":{"start":{"line":117,"column":4},"end":{"line":143,"column":5}},"18":{"start":{"line":125,"column":8},"end":{"line":128,"column":9}},"19":{"start":{"line":133,"column":8},"end":{"line":133,"column":19}},"20":{"start":{"line":136,"column":8},"end":{"line":141,"column":9}},"21":{"start":{"line":142,"column":8},"end":{"line":142,"column":22}},"23":{"start":{"line":149,"column":4},"end":{"line":182,"column":5}},"24":{"start":{"line":157,"column":8},"end":{"line":160,"column":9}},"25":{"start":{"line":165,"column":8},"end":{"line":165,"column":19}},"26":{"start":{"line":168,"column":8},"end":{"line":181,"column":9}},"28":{"start":{"line":188,"column":4},"end":{"line":209,"column":5}},"29":{"start":{"line":196,"column":8},"end":{"line":199,"column":9}},"30":{"start":{"line":202,"column":8},"end":{"line":202,"column":19}},"31":{"start":{"line":205,"column":8},"end":{"line":207,"column":9}},"32":{"start":{"line":208,"column":8},"end":{"line":208,"column":22}},"34":{"start":{"line":215,"column":4},"end":{"line":235,"column":5}},"35":{"start":{"line":223,"column":8},"end":{"line":226,"column":9}},"36":{"start":{"line":229,"column":8},"end":{"line":229,"column":19}},"37":{"start":{"line":232,"column":8},"end":{"line":234,"column":9}},"39":{"start":{"line":241,"column":4},"end":{"line":250,"column":5}},"40":{"start":{"line":249,"column":8},"end":{"line":249,"column":46}},"42":{"start":{"line":256,"column":4},"end":{"line":265,"column":5}},"43":{"start":{"line":264,"column":8},"end":{"line":264,"column":46}},"45":{"start":{"line":270,"column":4},"end":{"line":283,"column":5}},"46":{"start":{"line":275,"column":8},"end":{"line":278,"column":9}},"47":{"start":{"line":279,"column":8},"end":{"line":281,"column":9}},"48":{"start":{"line":282,"column":8},"end":{"line":282,"column":22}}},"modifiersStatementIds":[],"path":"/Users/leonidlogvinov/Dev/0x/0x-monorepo/packages/contracts/src/contracts/current/utils/LibBytes/LibBytes.sol","f":{"0":78,"6":11,"12":18,"16":107,"22":0,"27":95,"33":0,"38":21,"41":0,"44":7},"s":{"1":78,"2":78,"3":77,"4":77,"5":0,"7":11,"8":11,"9":2,"10":2,"11":0,"13":18,"14":18,"15":0,"17":107,"18":88,"19":86,"20":86,"21":0,"23":0,"24":0,"25":0,"26":0,"28":95,"29":95,"30":91,"31":91,"32":0,"34":0,"35":0,"36":0,"37":0,"39":21,"40":21,"42":0,"43":0,"45":7,"46":7,"47":6,"48":0},"b":{},"l":{"33":0,"38":0,"44":0,"46":0,"51":0,"57":0,"62":0,"68":0,"70":0,"75":0,"82":0,"90":0,"110":0,"117":0,"125":0,"133":0,"136":0,"142":0,"149":0,"157":0,"165":0,"168":0,"188":0,"196":0,"202":0,"205":0,"208":0,"215":0,"223":0,"229":0,"232":0,"241":0,"249":0,"256":0,"264":0,"270":5,"275":5,"279":5,"282":0}},"/Users/leonidlogvinov/Dev/0x/0x-monorepo/packages/contracts/src/contracts/current/tokens/WETH9/WETH9.sol":{"fnMap":{"0":{"name":"","line":31,"loc":{"start":{"line":31,"column":4},"end":{"line":33,"column":5}}},"3":{"name":"deposit","line":34,"loc":{"start":{"line":34,"column":4},"end":{"line":37,"column":5}}},"7":{"name":"withdraw","line":38,"loc":{"start":{"line":38,"column":4},"end":{"line":43,"column":5}}},"13":{"name":"totalSupply","line":45,"loc":{"start":{"line":45,"column":4},"end":{"line":47,"column":5}}},"16":{"name":"approve","line":49,"loc":{"start":{"line":49,"column":4},"end":{"line":53,"column":5}}},"21":{"name":"transfer","line":55,"loc":{"start":{"line":55,"column":4},"end":{"line":57,"column":5}}},"24":{"name":"transferFrom","line":59,"loc":{"start":{"line":59,"column":4},"end":{"line":76,"column":5}}}},"branchMap":{"28":{"line":65,"type":"if","locations":[{"start":{"line":65,"column":73},"end":{"line":68,"column":9}},{"start":{"line":65,"column":8},"end":{"line":68,"column":9}}]},"29":{"line":65,"type":"binary-expr","locations":[{"start":{"line":65,"column":12},"end":{"line":65,"column":29}},{"start":{"line":65,"column":33},"end":{"line":65,"column":71}}]}},"statementMap":{"1":{"start":{"line":31,"column":4},"end":{"line":33,"column":5}},"2":{"start":{"line":32,"column":8},"end":{"line":32,"column":17}},"4":{"start":{"line":34,"column":4},"end":{"line":37,"column":5}},"5":{"start":{"line":35,"column":8},"end":{"line":35,"column":42}},"6":{"start":{"line":36,"column":8},"end":{"line":36,"column":38}},"8":{"start":{"line":38,"column":4},"end":{"line":43,"column":5}},"9":{"start":{"line":39,"column":8},"end":{"line":39,"column":45}},"10":{"start":{"line":40,"column":8},"end":{"line":40,"column":36}},"11":{"start":{"line":41,"column":8},"end":{"line":41,"column":32}},"12":{"start":{"line":42,"column":8},"end":{"line":42,"column":35}},"14":{"start":{"line":45,"column":4},"end":{"line":47,"column":5}},"15":{"start":{"line":46,"column":8},"end":{"line":46,"column":28}},"17":{"start":{"line":49,"column":4},"end":{"line":53,"column":5}},"18":{"start":{"line":50,"column":8},"end":{"line":50,"column":40}},"19":{"start":{"line":51,"column":8},"end":{"line":51,"column":38}},"20":{"start":{"line":52,"column":8},"end":{"line":52,"column":20}},"22":{"start":{"line":55,"column":4},"end":{"line":57,"column":5}},"23":{"start":{"line":56,"column":8},"end":{"line":56,"column":50}},"25":{"start":{"line":59,"column":4},"end":{"line":76,"column":5}},"26":{"start":{"line":63,"column":8},"end":{"line":63,"column":38}},"27":{"start":{"line":65,"column":8},"end":{"line":68,"column":9}},"30":{"start":{"line":66,"column":12},"end":{"line":66,"column":54}},"31":{"start":{"line":67,"column":12},"end":{"line":67,"column":45}},"32":{"start":{"line":70,"column":8},"end":{"line":70,"column":29}},"33":{"start":{"line":71,"column":8},"end":{"line":71,"column":29}},"34":{"start":{"line":73,"column":8},"end":{"line":73,"column":31}},"35":{"start":{"line":75,"column":8},"end":{"line":75,"column":20}}},"modifiersStatementIds":[],"path":"/Users/leonidlogvinov/Dev/0x/0x-monorepo/packages/contracts/src/contracts/current/tokens/WETH9/WETH9.sol","f":{"0":5,"3":3,"7":2,"13":7,"16":1,"21":0,"24":0},"s":{"1":5,"2":5,"4":3,"5":3,"6":3,"8":2,"9":2,"10":1,"11":1,"12":1,"14":7,"15":0,"17":1,"18":0,"19":0,"20":0,"22":0,"23":0,"25":0,"26":0,"27":0,"30":0,"31":0,"32":0,"33":0,"34":0,"35":0},"b":{"28":[0,0],"29":[0,0]},"l":{"31":5,"32":5,"34":3,"35":3,"36":3,"38":2,"39":2,"40":1,"41":1,"42":1,"45":7,"46":0,"49":1,"50":0,"51":0,"52":0,"55":0,"56":0,"59":0,"63":0,"65":0,"66":0,"67":0,"70":0,"71":0,"73":0,"75":0}},"/Users/leonidlogvinov/Dev/0x/0x-monorepo/packages/contracts/src/contracts/previous/Ownable/Ownable_v1.sol":{"fnMap":{"0":{"name":"Ownable_v1","line":13,"loc":{"start":{"line":13,"column":4},"end":{"line":15,"column":5}}},"3":{"name":"onlyOwner","line":17,"loc":{"start":{"line":17,"column":4},"end":{"line":20,"column":5}}},"7":{"name":"transferOwnership","line":22,"loc":{"start":{"line":22,"column":4},"end":{"line":26,"column":5}}}},"branchMap":{"10":{"line":23,"type":"if","locations":[{"start":{"line":23,"column":36},"end":{"line":25,"column":9}},{"start":{"line":23,"column":8},"end":{"line":25,"column":9}}]}},"statementMap":{"1":{"start":{"line":13,"column":4},"end":{"line":15,"column":5}},"2":{"start":{"line":14,"column":8},"end":{"line":14,"column":26}},"4":{"start":{"line":17,"column":4},"end":{"line":20,"column":5}},"5":{"start":{"line":18,"column":8},"end":{"line":18,"column":36}},"6":{"start":{"line":19,"column":8},"end":{"line":19,"column":9}},"8":{"start":{"line":22,"column":4},"end":{"line":26,"column":5}},"9":{"start":{"line":23,"column":8},"end":{"line":25,"column":9}},"11":{"start":{"line":24,"column":12},"end":{"line":24,"column":28}},"12":{"start":{"line":22,"column":49},"end":{"line":22,"column":58}}},"modifiersStatementIds":[12],"path":"/Users/leonidlogvinov/Dev/0x/0x-monorepo/packages/contracts/src/contracts/previous/Ownable/Ownable_v1.sol","f":{"0":1,"3":38,"7":1},"s":{"1":1,"2":1,"4":38,"5":38,"6":24,"8":1,"9":1,"11":0,"12":1},"b":{"10":[0,1]},"l":{"13":1,"14":1,"17":38,"18":38,"19":24,"22":1,"23":1,"24":0}},"/Users/leonidlogvinov/Dev/0x/0x-monorepo/packages/contracts/src/contracts/previous/TokenRegistry/TokenRegistry.sol":{"fnMap":{"0":{"name":"tokenExists","line":65,"loc":{"start":{"line":65,"column":4},"end":{"line":68,"column":5}}},"4":{"name":"tokenDoesNotExist","line":70,"loc":{"start":{"line":70,"column":4},"end":{"line":73,"column":5}}},"8":{"name":"nameDoesNotExist","line":75,"loc":{"start":{"line":75,"column":4},"end":{"line":78,"column":5}}},"12":{"name":"symbolDoesNotExist","line":80,"loc":{"start":{"line":80,"column":4},"end":{"line":83,"column":5}}},"16":{"name":"addressNotNull","line":85,"loc":{"start":{"line":85,"column":4},"end":{"line":88,"column":5}}},"20":{"name":"addToken","line":98,"loc":{"start":{"line":98,"column":4},"end":{"line":131,"column":5}}},"32":{"name":"removeToken","line":135,"loc":{"start":{"line":135,"column":4},"end":{"line":157,"column":5}}},"44":{"name":"setTokenName","line":162,"loc":{"start":{"line":162,"column":4},"end":{"line":173,"column":5}}},"54":{"name":"setTokenSymbol","line":178,"loc":{"start":{"line":178,"column":4},"end":{"line":189,"column":5}}},"64":{"name":"setTokenIpfsHash","line":194,"loc":{"start":{"line":194,"column":4},"end":{"line":202,"column":5}}},"71":{"name":"setTokenSwarmHash","line":207,"loc":{"start":{"line":207,"column":4},"end":{"line":215,"column":5}}},"78":{"name":"getTokenAddressBySymbol","line":224,"loc":{"start":{"line":224,"column":4},"end":{"line":226,"column":5}}},"81":{"name":"getTokenAddressByName","line":231,"loc":{"start":{"line":231,"column":4},"end":{"line":233,"column":5}}},"84":{"name":"getTokenMetaData","line":238,"loc":{"start":{"line":238,"column":4},"end":{"line":259,"column":5}}},"88":{"name":"getTokenByName","line":264,"loc":{"start":{"line":264,"column":4},"end":{"line":278,"column":5}}},"92":{"name":"getTokenBySymbol","line":283,"loc":{"start":{"line":283,"column":4},"end":{"line":297,"column":5}}},"96":{"name":"getTokenAddresses","line":301,"loc":{"start":{"line":301,"column":4},"end":{"line":307,"column":5}}}},"branchMap":{},"statementMap":{"1":{"start":{"line":65,"column":4},"end":{"line":68,"column":5}},"2":{"start":{"line":66,"column":8},"end":{"line":66,"column":51}},"3":{"start":{"line":67,"column":8},"end":{"line":67,"column":9}},"5":{"start":{"line":70,"column":4},"end":{"line":73,"column":5}},"6":{"start":{"line":71,"column":8},"end":{"line":71,"column":51}},"7":{"start":{"line":72,"column":8},"end":{"line":72,"column":9}},"9":{"start":{"line":75,"column":4},"end":{"line":78,"column":5}},"10":{"start":{"line":76,"column":8},"end":{"line":76,"column":49}},"11":{"start":{"line":77,"column":8},"end":{"line":77,"column":9}},"13":{"start":{"line":80,"column":4},"end":{"line":83,"column":5}},"14":{"start":{"line":81,"column":8},"end":{"line":81,"column":53}},"15":{"start":{"line":82,"column":8},"end":{"line":82,"column":9}},"17":{"start":{"line":85,"column":4},"end":{"line":88,"column":5}},"18":{"start":{"line":86,"column":8},"end":{"line":86,"column":39}},"19":{"start":{"line":87,"column":8},"end":{"line":87,"column":9}},"21":{"start":{"line":98,"column":4},"end":{"line":131,"column":5}},"22":{"start":{"line":112,"column":8},"end":{"line":119,"column":10}},"23":{"start":{"line":120,"column":8},"end":{"line":120,"column":35}},"24":{"start":{"line":121,"column":8},"end":{"line":121,"column":39}},"25":{"start":{"line":122,"column":8},"end":{"line":122,"column":35}},"26":{"start":{"line":123,"column":8},"end":{"line":130,"column":9}},"27":{"start":{"line":106,"column":8},"end":{"line":106,"column":17}},"28":{"start":{"line":107,"column":8},"end":{"line":107,"column":33}},"29":{"start":{"line":108,"column":8},"end":{"line":108,"column":30}},"30":{"start":{"line":109,"column":8},"end":{"line":109,"column":35}},"31":{"start":{"line":110,"column":8},"end":{"line":110,"column":31}},"33":{"start":{"line":135,"column":4},"end":{"line":157,"column":5}},"34":{"start":{"line":140,"column":8},"end":{"line":140,"column":49}},"35":{"start":{"line":142,"column":8},"end":{"line":142,"column":74}},"36":{"start":{"line":143,"column":8},"end":{"line":143,"column":34}},"37":{"start":{"line":145,"column":8},"end":{"line":145,"column":53}},"38":{"start":{"line":146,"column":8},"end":{"line":153,"column":9}},"39":{"start":{"line":154,"column":8},"end":{"line":154,"column":42}},"40":{"start":{"line":155,"column":8},"end":{"line":155,"column":38}},"41":{"start":{"line":156,"column":8},"end":{"line":156,"column":29}},"42":{"start":{"line":137,"column":8},"end":{"line":137,"column":17}},"43":{"start":{"line":138,"column":8},"end":{"line":138,"column":27}},"45":{"start":{"line":162,"column":4},"end":{"line":173,"column":5}},"46":{"start":{"line":168,"column":8},"end":{"line":168,"column":53}},"47":{"start":{"line":169,"column":8},"end":{"line":169,"column":53}},"48":{"start":{"line":170,"column":8},"end":{"line":170,"column":38}},"49":{"start":{"line":171,"column":8},"end":{"line":171,"column":35}},"50":{"start":{"line":172,"column":8},"end":{"line":172,"column":26}},"51":{"start":{"line":164,"column":8},"end":{"line":164,"column":17}},"52":{"start":{"line":165,"column":8},"end":{"line":165,"column":27}},"53":{"start":{"line":166,"column":8},"end":{"line":166,"column":31}},"55":{"start":{"line":178,"column":4},"end":{"line":189,"column":5}},"56":{"start":{"line":184,"column":8},"end":{"line":184,"column":53}},"57":{"start":{"line":185,"column":8},"end":{"line":185,"column":59}},"58":{"start":{"line":186,"column":8},"end":{"line":186,"column":42}},"59":{"start":{"line":187,"column":8},"end":{"line":187,"column":39}},"60":{"start":{"line":188,"column":8},"end":{"line":188,"column":30}},"61":{"start":{"line":180,"column":8},"end":{"line":180,"column":17}},"62":{"start":{"line":181,"column":8},"end":{"line":181,"column":27}},"63":{"start":{"line":182,"column":8},"end":{"line":182,"column":35}},"65":{"start":{"line":194,"column":4},"end":{"line":202,"column":5}},"66":{"start":{"line":199,"column":8},"end":{"line":199,"column":53}},"67":{"start":{"line":200,"column":8},"end":{"line":200,"column":65}},"68":{"start":{"line":201,"column":8},"end":{"line":201,"column":34}},"69":{"start":{"line":196,"column":8},"end":{"line":196,"column":17}},"70":{"start":{"line":197,"column":8},"end":{"line":197,"column":27}},"72":{"start":{"line":207,"column":4},"end":{"line":215,"column":5}},"73":{"start":{"line":212,"column":8},"end":{"line":212,"column":53}},"74":{"start":{"line":213,"column":8},"end":{"line":213,"column":68}},"75":{"start":{"line":214,"column":8},"end":{"line":214,"column":36}},"76":{"start":{"line":209,"column":8},"end":{"line":209,"column":17}},"77":{"start":{"line":210,"column":8},"end":{"line":210,"column":27}},"79":{"start":{"line":224,"column":4},"end":{"line":226,"column":5}},"80":{"start":{"line":225,"column":8},"end":{"line":225,"column":38}},"82":{"start":{"line":231,"column":4},"end":{"line":233,"column":5}},"83":{"start":{"line":232,"column":8},"end":{"line":232,"column":34}},"85":{"start":{"line":238,"column":4},"end":{"line":259,"column":5}},"86":{"start":{"line":250,"column":8},"end":{"line":250,"column":52}},"87":{"start":{"line":251,"column":8},"end":{"line":258,"column":10}},"89":{"start":{"line":264,"column":4},"end":{"line":278,"column":5}},"90":{"start":{"line":276,"column":8},"end":{"line":276,"column":44}},"91":{"start":{"line":277,"column":8},"end":{"line":277,"column":40}},"93":{"start":{"line":283,"column":4},"end":{"line":297,"column":5}},"94":{"start":{"line":295,"column":8},"end":{"line":295,"column":48}},"95":{"start":{"line":296,"column":8},"end":{"line":296,"column":40}},"97":{"start":{"line":301,"column":4},"end":{"line":307,"column":5}},"98":{"start":{"line":306,"column":8},"end":{"line":306,"column":30}}},"modifiersStatementIds":[27,28,29,30,31,42,43,51,52,53,61,62,63,69,70,76,77],"path":"/Users/leonidlogvinov/Dev/0x/0x-monorepo/packages/contracts/src/contracts/previous/TokenRegistry/TokenRegistry.sol","f":{"0":9,"4":25,"8":24,"12":25,"16":24,"20":26,"32":27,"44":4,"54":4,"64":0,"71":0,"78":0,"81":0,"84":8,"88":6,"92":3,"96":24},"s":{"1":9,"2":9,"3":0,"5":25,"6":25,"7":21,"9":24,"10":24,"11":0,"13":25,"14":25,"15":21,"17":24,"18":24,"19":21,"21":26,"22":21,"23":21,"24":21,"25":21,"26":21,"27":26,"28":26,"29":26,"30":26,"31":26,"33":27,"34":2,"35":1,"36":1,"37":4,"38":1,"39":1,"40":1,"41":3,"42":27,"43":27,"45":4,"46":4,"47":1,"48":1,"49":1,"50":1,"51":4,"52":4,"53":4,"55":4,"56":4,"57":1,"58":1,"59":1,"60":1,"61":4,"62":4,"63":4,"65":0,"66":0,"67":0,"68":0,"69":0,"70":0,"72":0,"73":0,"74":0,"75":0,"76":0,"77":0,"79":0,"80":0,"82":0,"83":0,"85":8,"86":8,"87":8,"89":6,"90":6,"91":6,"93":3,"94":3,"95":0,"97":24,"98":0},"b":{},"l":{"65":9,"66":9,"67":0,"70":25,"71":25,"72":21,"75":24,"76":24,"77":0,"80":25,"81":25,"82":21,"85":24,"86":24,"87":21,"98":26,"106":26,"107":26,"108":26,"109":26,"110":26,"112":21,"120":21,"121":21,"122":21,"123":21,"135":27,"137":27,"138":27,"140":2,"142":1,"143":1,"145":4,"146":1,"154":1,"155":1,"156":3,"162":4,"164":4,"165":4,"166":4,"168":4,"169":1,"170":1,"171":1,"172":1,"178":4,"180":4,"181":4,"182":4,"184":4,"185":1,"186":1,"187":1,"188":1,"194":0,"196":0,"197":0,"199":0,"200":0,"201":0,"207":0,"209":0,"210":0,"212":0,"213":0,"214":0,"224":0,"225":0,"231":0,"232":0,"238":8,"250":8,"251":8,"264":6,"276":6,"277":6,"283":3,"295":3,"296":0,"301":24,"306":0}},"/Users/leonidlogvinov/Dev/0x/0x-monorepo/packages/contracts/src/contracts/current/test/TestLibBytes/TestLibBytes.sol":{"fnMap":{"0":{"name":"publicPopByte","line":31,"loc":{"start":{"line":31,"column":4},"end":{"line":38,"column":5}}},"4":{"name":"publicPopAddress","line":43,"loc":{"start":{"line":43,"column":4},"end":{"line":50,"column":5}}},"8":{"name":"publicAreBytesEqual","line":56,"loc":{"start":{"line":56,"column":4},"end":{"line":63,"column":5}}},"12":{"name":"publicReadAddress","line":69,"loc":{"start":{"line":69,"column":4},"end":{"line":78,"column":5}}},"16":{"name":"publicWriteAddress","line":84,"loc":{"start":{"line":84,"column":4},"end":{"line":94,"column":5}}},"20":{"name":"publicReadBytes32","line":100,"loc":{"start":{"line":100,"column":4},"end":{"line":109,"column":5}}},"24":{"name":"publicWriteBytes32","line":115,"loc":{"start":{"line":115,"column":4},"end":{"line":125,"column":5}}},"28":{"name":"publicReadUint256","line":131,"loc":{"start":{"line":131,"column":4},"end":{"line":140,"column":5}}},"32":{"name":"publicWriteUint256","line":146,"loc":{"start":{"line":146,"column":4},"end":{"line":156,"column":5}}},"36":{"name":"publicReadFirst4","line":161,"loc":{"start":{"line":161,"column":4},"end":{"line":168,"column":5}}}},"branchMap":{},"statementMap":{"1":{"start":{"line":31,"column":4},"end":{"line":38,"column":5}},"2":{"start":{"line":36,"column":8},"end":{"line":36,"column":27}},"3":{"start":{"line":37,"column":8},"end":{"line":37,"column":27}},"5":{"start":{"line":43,"column":4},"end":{"line":50,"column":5}},"6":{"start":{"line":48,"column":8},"end":{"line":48,"column":30}},"7":{"start":{"line":49,"column":8},"end":{"line":49,"column":27}},"9":{"start":{"line":56,"column":4},"end":{"line":63,"column":5}},"10":{"start":{"line":61,"column":8},"end":{"line":61,"column":39}},"11":{"start":{"line":62,"column":8},"end":{"line":62,"column":21}},"13":{"start":{"line":69,"column":4},"end":{"line":78,"column":5}},"14":{"start":{"line":76,"column":8},"end":{"line":76,"column":38}},"15":{"start":{"line":77,"column":8},"end":{"line":77,"column":22}},"17":{"start":{"line":84,"column":4},"end":{"line":94,"column":5}},"18":{"start":{"line":92,"column":8},"end":{"line":92,"column":37}},"19":{"start":{"line":93,"column":8},"end":{"line":93,"column":17}},"21":{"start":{"line":100,"column":4},"end":{"line":109,"column":5}},"22":{"start":{"line":107,"column":8},"end":{"line":107,"column":38}},"23":{"start":{"line":108,"column":8},"end":{"line":108,"column":22}},"25":{"start":{"line":115,"column":4},"end":{"line":125,"column":5}},"26":{"start":{"line":123,"column":8},"end":{"line":123,"column":37}},"27":{"start":{"line":124,"column":8},"end":{"line":124,"column":17}},"29":{"start":{"line":131,"column":4},"end":{"line":140,"column":5}},"30":{"start":{"line":138,"column":8},"end":{"line":138,"column":38}},"31":{"start":{"line":139,"column":8},"end":{"line":139,"column":22}},"33":{"start":{"line":146,"column":4},"end":{"line":156,"column":5}},"34":{"start":{"line":154,"column":8},"end":{"line":154,"column":37}},"35":{"start":{"line":155,"column":8},"end":{"line":155,"column":17}},"37":{"start":{"line":161,"column":4},"end":{"line":168,"column":5}},"38":{"start":{"line":166,"column":8},"end":{"line":166,"column":30}},"39":{"start":{"line":167,"column":8},"end":{"line":167,"column":22}}},"modifiersStatementIds":[],"path":"/Users/leonidlogvinov/Dev/0x/0x-monorepo/packages/contracts/src/contracts/current/test/TestLibBytes/TestLibBytes.sol","f":{"0":2,"4":3,"8":15,"12":4,"16":17,"20":8,"24":0,"28":4,"32":0,"36":2},"s":{"1":2,"2":2,"3":0,"5":3,"6":3,"7":2,"9":15,"10":12,"11":0,"13":4,"14":4,"15":0,"17":17,"18":0,"19":0,"21":8,"22":8,"23":0,"25":0,"26":0,"27":0,"29":4,"30":4,"31":0,"33":0,"34":0,"35":0,"37":2,"38":2,"39":0},"b":{},"l":{"31":2,"36":2,"37":0,"43":3,"48":3,"49":2,"56":15,"61":12,"62":0,"69":4,"76":4,"77":0,"84":17,"92":0,"93":0,"100":8,"107":8,"108":0,"115":0,"123":0,"124":0,"131":4,"138":4,"139":0,"146":0,"154":0,"155":0,"161":2,"166":2,"167":0}},"/Users/leonidlogvinov/Dev/0x/0x-monorepo/packages/contracts/src/contracts/current/test/DummyERC20Token/DummyERC20Token.sol":{"fnMap":{"0":{"name":null,"line":30,"loc":{"start":{"line":30,"column":4},"end":{"line":42,"column":5}}},"7":{"name":"setBalance","line":44,"loc":{"start":{"line":44,"column":4},"end":{"line":55,"column":5}}}},"branchMap":{"11":{"line":49,"type":"if","locations":[{"start":{"line":49,"column":34},"end":{"line":51,"column":9}},{"start":{"line":51,"column":15},"end":{"line":53,"column":9}}]}},"statementMap":{"1":{"start":{"line":30,"column":4},"end":{"line":42,"column":5}},"2":{"start":{"line":37,"column":8},"end":{"line":37,"column":20}},"3":{"start":{"line":38,"column":8},"end":{"line":38,"column":24}},"4":{"start":{"line":39,"column":8},"end":{"line":39,"column":28}},"5":{"start":{"line":40,"column":8},"end":{"line":40,"column":34}},"6":{"start":{"line":41,"column":8},"end":{"line":41,"column":43}},"8":{"start":{"line":44,"column":4},"end":{"line":55,"column":5}},"9":{"start":{"line":48,"column":8},"end":{"line":48,"column":49}},"10":{"start":{"line":49,"column":8},"end":{"line":53,"column":9}},"12":{"start":{"line":50,"column":12},"end":{"line":50,"column":76}},"13":{"start":{"line":52,"column":12},"end":{"line":52,"column":76}},"14":{"start":{"line":54,"column":8},"end":{"line":54,"column":34}},"15":{"start":{"line":46,"column":8},"end":{"line":46,"column":17}}},"modifiersStatementIds":[15],"path":"/Users/leonidlogvinov/Dev/0x/0x-monorepo/packages/contracts/src/contracts/current/test/DummyERC20Token/DummyERC20Token.sol","f":{"0":19,"7":180},"s":{"1":19,"2":19,"3":19,"4":19,"5":19,"6":19,"8":180,"9":180,"10":180,"12":0,"13":180,"14":180,"15":180},"b":{"11":[0,180]},"l":{"30":1,"37":1,"38":1,"39":1,"40":1,"41":1,"44":0,"46":0,"48":0,"49":0,"50":0,"52":0,"54":0}},"/Users/leonidlogvinov/Dev/0x/0x-monorepo/packages/contracts/src/contracts/current/test/Mintable/Mintable.sol":{"fnMap":{"0":{"name":"mint","line":30,"loc":{"start":{"line":30,"column":4},"end":{"line":39,"column":5}}}},"branchMap":{},"statementMap":{"1":{"start":{"line":30,"column":4},"end":{"line":39,"column":5}},"2":{"start":{"line":33,"column":8},"end":{"line":36,"column":9}},"3":{"start":{"line":37,"column":8},"end":{"line":37,"column":68}},"4":{"start":{"line":38,"column":8},"end":{"line":38,"column":50}}},"modifiersStatementIds":[],"path":"/Users/leonidlogvinov/Dev/0x/0x-monorepo/packages/contracts/src/contracts/current/test/Mintable/Mintable.sol","f":{"0":181},"s":{"1":181,"2":1,"3":1,"4":1},"b":{},"l":{"30":1,"33":1,"37":1,"38":1}},"/Users/leonidlogvinov/Dev/0x/0x-monorepo/packages/contracts/src/contracts/current/tokens/ERC20Token/ERC20Token.sol":{"fnMap":{"0":{"name":"transfer","line":35,"loc":{"start":{"line":35,"column":4},"end":{"line":51,"column":5}}},"7":{"name":"transferFrom","line":53,"loc":{"start":{"line":53,"column":4},"end":{"line":74,"column":5}}},"16":{"name":"approve","line":76,"loc":{"start":{"line":76,"column":4},"end":{"line":83,"column":5}}},"20":{"name":"balanceOf","line":85,"loc":{"start":{"line":85,"column":4},"end":{"line":90,"column":5}}},"23":{"name":"allowance","line":92,"loc":{"start":{"line":92,"column":4},"end":{"line":98,"column":5}}}},"branchMap":{},"statementMap":{"1":{"start":{"line":35,"column":4},"end":{"line":51,"column":5}},"2":{"start":{"line":39,"column":8},"end":{"line":42,"column":9}},"3":{"start":{"line":43,"column":8},"end":{"line":46,"column":9}},"4":{"start":{"line":47,"column":8},"end":{"line":47,"column":38}},"5":{"start":{"line":48,"column":8},"end":{"line":48,"column":31}},"6":{"start":{"line":50,"column":8},"end":{"line":50,"column":20}},"8":{"start":{"line":53,"column":4},"end":{"line":74,"column":5}},"9":{"start":{"line":57,"column":8},"end":{"line":60,"column":9}},"10":{"start":{"line":61,"column":8},"end":{"line":64,"column":9}},"11":{"start":{"line":65,"column":8},"end":{"line":68,"column":9}},"12":{"start":{"line":69,"column":8},"end":{"line":69,"column":31}},"13":{"start":{"line":70,"column":8},"end":{"line":70,"column":33}},"14":{"start":{"line":71,"column":8},"end":{"line":71,"column":44}},"15":{"start":{"line":73,"column":8},"end":{"line":73,"column":20}},"17":{"start":{"line":76,"column":4},"end":{"line":83,"column":5}},"18":{"start":{"line":80,"column":8},"end":{"line":80,"column":46}},"19":{"start":{"line":82,"column":8},"end":{"line":82,"column":20}},"21":{"start":{"line":85,"column":4},"end":{"line":90,"column":5}},"22":{"start":{"line":89,"column":8},"end":{"line":89,"column":32}},"24":{"start":{"line":92,"column":4},"end":{"line":98,"column":5}},"25":{"start":{"line":97,"column":8},"end":{"line":97,"column":41}}},"modifiersStatementIds":[],"path":"/Users/leonidlogvinov/Dev/0x/0x-monorepo/packages/contracts/src/contracts/current/tokens/ERC20Token/ERC20Token.sol","f":{"0":3,"7":0,"16":4766,"20":4571,"23":5},"s":{"1":3,"2":3,"3":2,"4":2,"5":2,"6":0,"8":0,"9":0,"10":0,"11":0,"12":0,"13":0,"14":0,"15":0,"17":4766,"18":191,"19":193,"21":4571,"22":4571,"24":5,"25":5},"b":{},"l":{"35":3,"39":3,"43":2,"47":2,"48":2,"50":0,"53":0,"57":0,"61":0,"65":0,"69":0,"70":0,"71":0,"73":0,"76":24,"80":4,"82":6,"85":11,"89":11,"92":3,"97":3}},"/Users/leonidlogvinov/Dev/0x/0x-monorepo/packages/contracts/src/contracts/current/tokens/ERC20Token/IERC20Token.sol":{"fnMap":{"0":{"name":"transfer","line":28,"loc":{"start":{"line":28,"column":4},"end":{"line":30,"column":23}}},"2":{"name":"transferFrom","line":37,"loc":{"start":{"line":37,"column":4},"end":{"line":39,"column":23}}},"4":{"name":"approve","line":45,"loc":{"start":{"line":45,"column":4},"end":{"line":47,"column":23}}},"6":{"name":"balanceOf","line":51,"loc":{"start":{"line":51,"column":4},"end":{"line":53,"column":26}}},"8":{"name":"allowance","line":58,"loc":{"start":{"line":58,"column":4},"end":{"line":60,"column":26}}}},"branchMap":{},"statementMap":{"1":{"start":{"line":28,"column":4},"end":{"line":30,"column":23}},"3":{"start":{"line":37,"column":4},"end":{"line":39,"column":23}},"5":{"start":{"line":45,"column":4},"end":{"line":47,"column":23}},"7":{"start":{"line":51,"column":4},"end":{"line":53,"column":26}},"9":{"start":{"line":58,"column":4},"end":{"line":60,"column":26}}},"modifiersStatementIds":[],"path":"/Users/leonidlogvinov/Dev/0x/0x-monorepo/packages/contracts/src/contracts/current/tokens/ERC20Token/IERC20Token.sol","f":{"0":0,"2":0,"4":0,"6":0,"8":0},"s":{"1":0,"3":0,"5":0,"7":0,"9":0},"b":{},"l":{"28":0,"37":0,"45":0,"51":0,"58":0}},"/Users/leonidlogvinov/Dev/0x/0x-monorepo/packages/contracts/src/contracts/current/tokens/UnlimitedAllowanceToken/UnlimitedAllowanceToken.sol":{"fnMap":{"0":{"name":"transferFrom","line":33,"loc":{"start":{"line":33,"column":4},"end":{"line":57,"column":5}}}},"branchMap":{"9":{"line":52,"type":"if","locations":[{"start":{"line":52,"column":34},"end":{"line":54,"column":9}},{"start":{"line":52,"column":8},"end":{"line":54,"column":9}}]}},"statementMap":{"1":{"start":{"line":33,"column":4},"end":{"line":57,"column":5}},"2":{"start":{"line":37,"column":8},"end":{"line":37,"column":55}},"3":{"start":{"line":38,"column":8},"end":{"line":41,"column":9}},"4":{"start":{"line":42,"column":8},"end":{"line":45,"column":9}},"5":{"start":{"line":46,"column":8},"end":{"line":49,"column":9}},"6":{"start":{"line":50,"column":8},"end":{"line":50,"column":31}},"7":{"start":{"line":51,"column":8},"end":{"line":51,"column":33}},"8":{"start":{"line":52,"column":8},"end":{"line":54,"column":9}},"10":{"start":{"line":53,"column":12},"end":{"line":53,"column":48}},"11":{"start":{"line":56,"column":8},"end":{"line":56,"column":20}}},"modifiersStatementIds":[],"path":"/Users/leonidlogvinov/Dev/0x/0x-monorepo/packages/contracts/src/contracts/current/tokens/UnlimitedAllowanceToken/UnlimitedAllowanceToken.sol","f":{"0":188},"s":{"1":188,"2":187,"3":188,"4":182,"5":177,"6":177,"7":177,"8":177,"10":176,"11":177},"b":{"9":[176,177]},"l":{"33":7,"37":6,"38":7,"42":5,"46":4,"50":4,"51":4,"52":4,"53":3,"56":4}},"/Users/leonidlogvinov/Dev/0x/0x-monorepo/packages/contracts/src/contracts/current/utils/SafeMath/SafeMath.sol":{"fnMap":{"0":{"name":"safeMul","line":5,"loc":{"start":{"line":5,"column":4},"end":{"line":13,"column":5}}},"6":{"name":"safeDiv","line":15,"loc":{"start":{"line":15,"column":4},"end":{"line":22,"column":5}}},"10":{"name":"safeSub","line":24,"loc":{"start":{"line":24,"column":4},"end":{"line":31,"column":5}}},"14":{"name":"safeAdd","line":33,"loc":{"start":{"line":33,"column":4},"end":{"line":41,"column":5}}},"19":{"name":"max64","line":43,"loc":{"start":{"line":43,"column":4},"end":{"line":49,"column":5}}},"23":{"name":"min64","line":51,"loc":{"start":{"line":51,"column":4},"end":{"line":57,"column":5}}},"27":{"name":"max256","line":59,"loc":{"start":{"line":59,"column":4},"end":{"line":65,"column":5}}},"31":{"name":"min256","line":67,"loc":{"start":{"line":67,"column":4},"end":{"line":73,"column":5}}}},"branchMap":{"4":{"line":11,"type":"binary-expr","locations":[{"start":{"line":11,"column":15},"end":{"line":11,"column":21}},{"start":{"line":11,"column":25},"end":{"line":11,"column":35}}]},"22":{"line":48,"type":"cond-expr","locations":[{"start":{"line":48,"column":24},"end":{"line":48,"column":25}},{"start":{"line":48,"column":28},"end":{"line":48,"column":29}}]},"26":{"line":56,"type":"cond-expr","locations":[{"start":{"line":56,"column":23},"end":{"line":56,"column":24}},{"start":{"line":56,"column":27},"end":{"line":56,"column":28}}]},"30":{"line":64,"type":"cond-expr","locations":[{"start":{"line":64,"column":24},"end":{"line":64,"column":25}},{"start":{"line":64,"column":28},"end":{"line":64,"column":29}}]},"34":{"line":72,"type":"cond-expr","locations":[{"start":{"line":72,"column":23},"end":{"line":72,"column":24}},{"start":{"line":72,"column":27},"end":{"line":72,"column":28}}]}},"statementMap":{"1":{"start":{"line":5,"column":4},"end":{"line":13,"column":5}},"2":{"start":{"line":10,"column":8},"end":{"line":10,"column":23}},"3":{"start":{"line":11,"column":8},"end":{"line":11,"column":36}},"5":{"start":{"line":12,"column":8},"end":{"line":12,"column":17}},"7":{"start":{"line":15,"column":4},"end":{"line":22,"column":5}},"8":{"start":{"line":20,"column":8},"end":{"line":20,"column":23}},"9":{"start":{"line":21,"column":8},"end":{"line":21,"column":17}},"11":{"start":{"line":24,"column":4},"end":{"line":31,"column":5}},"12":{"start":{"line":29,"column":8},"end":{"line":29,"column":22}},"13":{"start":{"line":30,"column":8},"end":{"line":30,"column":21}},"15":{"start":{"line":33,"column":4},"end":{"line":41,"column":5}},"16":{"start":{"line":38,"column":8},"end":{"line":38,"column":23}},"17":{"start":{"line":39,"column":8},"end":{"line":39,"column":22}},"18":{"start":{"line":40,"column":8},"end":{"line":40,"column":17}},"20":{"start":{"line":43,"column":4},"end":{"line":49,"column":5}},"21":{"start":{"line":48,"column":8},"end":{"line":48,"column":30}},"24":{"start":{"line":51,"column":4},"end":{"line":57,"column":5}},"25":{"start":{"line":56,"column":8},"end":{"line":56,"column":29}},"28":{"start":{"line":59,"column":4},"end":{"line":65,"column":5}},"29":{"start":{"line":64,"column":8},"end":{"line":64,"column":30}},"32":{"start":{"line":67,"column":4},"end":{"line":73,"column":5}},"33":{"start":{"line":72,"column":8},"end":{"line":72,"column":29}}},"modifiersStatementIds":[],"path":"/Users/leonidlogvinov/Dev/0x/0x-monorepo/packages/contracts/src/contracts/current/utils/SafeMath/SafeMath.sol","f":{"0":87,"6":84,"10":280,"14":5993,"19":0,"23":0,"27":0,"31":216},"s":{"1":87,"2":85,"3":87,"5":10,"7":84,"8":84,"9":0,"11":280,"12":280,"13":280,"15":5993,"16":326,"17":5993,"18":5938,"20":0,"21":0,"24":0,"25":0,"28":0,"29":0,"32":216,"33":216},"b":{"4":[85,85],"22":[0,0],"26":[0,0],"30":[0,0],"34":[24,50]},"l":{"5":0,"10":0,"11":0,"12":0,"15":0,"20":0,"21":0,"24":0,"29":0,"30":0,"33":28,"38":1,"39":28,"40":28,"43":0,"48":0,"51":0,"56":0,"59":0,"64":0,"67":0,"72":0}},"/Users/leonidlogvinov/Dev/0x/0x-monorepo/packages/contracts/src/contracts/current/tokens/ZRXToken/ZRXToken.sol":{"fnMap":{"0":{"name":"ZRXToken","line":30,"loc":{"start":{"line":30,"column":4},"end":{"line":32,"column":5}}}},"branchMap":{},"statementMap":{"1":{"start":{"line":30,"column":4},"end":{"line":32,"column":5}},"2":{"start":{"line":31,"column":8},"end":{"line":31,"column":42}}},"modifiersStatementIds":[],"path":"/Users/leonidlogvinov/Dev/0x/0x-monorepo/packages/contracts/src/contracts/current/tokens/ZRXToken/ZRXToken.sol","f":{"0":1},"s":{"1":1,"2":1},"b":{},"l":{"30":1,"31":1}},"/Users/leonidlogvinov/Dev/0x/0x-monorepo/packages/contracts/src/contracts/previous/ERC20Token/ERC20Token_v1.sol":{"fnMap":{"0":{"name":"transfer","line":7,"loc":{"start":{"line":7,"column":4},"end":{"line":15,"column":5}}},"10":{"name":"transferFrom","line":17,"loc":{"start":{"line":17,"column":4},"end":{"line":25,"column":5}}},"22":{"name":"balanceOf","line":27,"loc":{"start":{"line":27,"column":4},"end":{"line":29,"column":5}}},"25":{"name":"approve","line":31,"loc":{"start":{"line":31,"column":4},"end":{"line":35,"column":5}}},"30":{"name":"allowance","line":37,"loc":{"start":{"line":37,"column":4},"end":{"line":39,"column":5}}}},"branchMap":{"3":{"line":9,"type":"if","locations":[{"start":{"line":9,"column":87},"end":{"line":14,"column":9}},{"start":{"line":14,"column":15},"end":{"line":14,"column":32}}]},"4":{"line":9,"type":"binary-expr","locations":[{"start":{"line":9,"column":12},"end":{"line":9,"column":42}},{"start":{"line":9,"column":46},"end":{"line":9,"column":85}}]},"13":{"line":18,"type":"if","locations":[{"start":{"line":18,"column":122},"end":{"line":24,"column":9}},{"start":{"line":24,"column":15},"end":{"line":24,"column":32}}]},"14":{"line":18,"type":"binary-expr","locations":[{"start":{"line":18,"column":12},"end":{"line":18,"column":77}},{"start":{"line":18,"column":81},"end":{"line":18,"column":120}}]},"15":{"line":18,"type":"binary-expr","locations":[{"start":{"line":18,"column":12},"end":{"line":18,"column":37}},{"start":{"line":18,"column":41},"end":{"line":18,"column":77}}]}},"statementMap":{"1":{"start":{"line":7,"column":4},"end":{"line":15,"column":5}},"2":{"start":{"line":9,"column":8},"end":{"line":14,"column":32}},"5":{"start":{"line":10,"column":12},"end":{"line":10,"column":42}},"6":{"start":{"line":11,"column":12},"end":{"line":11,"column":35}},"7":{"start":{"line":12,"column":12},"end":{"line":12,"column":45}},"8":{"start":{"line":13,"column":12},"end":{"line":13,"column":24}},"9":{"start":{"line":14,"column":17},"end":{"line":14,"column":30}},"11":{"start":{"line":17,"column":4},"end":{"line":25,"column":5}},"12":{"start":{"line":18,"column":8},"end":{"line":24,"column":32}},"16":{"start":{"line":19,"column":12},"end":{"line":19,"column":35}},"17":{"start":{"line":20,"column":12},"end":{"line":20,"column":37}},"18":{"start":{"line":21,"column":12},"end":{"line":21,"column":48}},"19":{"start":{"line":22,"column":12},"end":{"line":22,"column":40}},"20":{"start":{"line":23,"column":12},"end":{"line":23,"column":24}},"21":{"start":{"line":24,"column":17},"end":{"line":24,"column":30}},"23":{"start":{"line":27,"column":4},"end":{"line":29,"column":5}},"24":{"start":{"line":28,"column":8},"end":{"line":28,"column":32}},"26":{"start":{"line":31,"column":4},"end":{"line":35,"column":5}},"27
[...]
olumn":15}},"7":{"start":{"line":54,"column":4},"end":{"line":57,"column":54}}},"modifiersStatementIds":[],"path":"/Users/leonidlogvinov/Dev/0x/0x-monorepo/packages/contracts/src/contracts/current/protocol/Exchange/interfaces/IExchangeCore.sol","f":{"0":0,"2":0,"4":0,"6":0},"s":{"1":0,"3":0,"5":0,"7":0},"b":{},"l":{"29":0,"37":0,"47":0,"54":0}},"/Users/leonidlogvinov/Dev/0x/0x-monorepo/packages/contracts/src/contracts/current/protocol/Exchange/interfaces/IMatchOrders.sol":{"fnMap":{"0":{"name":"matchOrders","line":36,"loc":{"start":{"line":36,"column":4},"end":{"line":43,"column":78}}}},"branchMap":{},"statementMap":{"1":{"start":{"line":36,"column":4},"end":{"line":43,"column":78}}},"modifiersStatementIds":[],"path":"/Users/leonidlogvinov/Dev/0x/0x-monorepo/packages/contracts/src/contracts/current/protocol/Exchange/interfaces/IMatchOrders.sol","f":{"0":0},"s":{"1":0},"b":{},"l":{"36":0}},"/Users/leonidlogvinov/Dev/0x/0x-monorepo/packages/contracts/src/contracts/current/protocol/Exchange/interfaces/ISignatureValidator.sol":{"fnMap":{"0":{"name":"preSign","line":27,"loc":{"start":{"line":27,"column":4},"end":{"line":32,"column":17}}},"2":{"name":"setSignatureValidatorApproval","line":37,"loc":{"start":{"line":37,"column":4},"end":{"line":41,"column":17}}}},"branchMap":{},"statementMap":{"1":{"start":{"line":27,"column":4},"end":{"line":32,"column":17}},"3":{"start":{"line":37,"column":4},"end":{"line":41,"column":17}}},"modifiersStatementIds":[],"path":"/Users/leonidlogvinov/Dev/0x/0x-monorepo/packages/contracts/src/contracts/current/protocol/Exchange/interfaces/ISignatureValidator.sol","f":{"0":0,"2":0},"s":{"1":0,"3":0},"b":{},"l":{"27":0,"37":0}},"/Users/leonidlogvinov/Dev/0x/0x-monorepo/packages/contracts/src/contracts/current/protocol/Exchange/interfaces/ITransactions.sol":{"fnMap":{"0":{"name":"executeTransaction","line":27,"loc":{"start":{"line":27,"column":4},"end":{"line":32,"column":17}}}},"branchMap":{},"statementMap":{"1":{"start":{"line":27,"column":4},"end":{"line":32,"column":17}}},"modifiersStatementIds":[],"path":"/Users/leonidlogvinov/Dev/0x/0x-monorepo/packages/contracts/src/contracts/current/protocol/Exchange/interfaces/ITransactions.sol","f":{"0":0},"s":{"1":0},"b":{},"l":{"27":0}},"/Users/leonidlogvinov/Dev/0x/0x-monorepo/packages/contracts/src/contracts/current/protocol/Exchange/interfaces/IValidator.sol":{"fnMap":{"0":{"name":"isValidSignature","line":28,"loc":{"start":{"line":28,"column":4},"end":{"line":35,"column":31}}}},"branchMap":{},"statementMap":{"1":{"start":{"line":28,"column":4},"end":{"line":35,"column":31}}},"modifiersStatementIds":[],"path":"/Users/leonidlogvinov/Dev/0x/0x-monorepo/packages/contracts/src/contracts/current/protocol/Exchange/interfaces/IValidator.sol","f":{"0":0},"s":{"1":0},"b":{},"l":{"28":0}},"/Users/leonidlogvinov/Dev/0x/0x-monorepo/packages/contracts/src/contracts/current/protocol/Exchange/interfaces/IWallet.sol":{"fnMap":{"0":{"name":"isValidSignature","line":27,"loc":{"start":{"line":27,"column":4},"end":{"line":33,"column":31}}}},"branchMap":{},"statementMap":{"1":{"start":{"line":27,"column":4},"end":{"line":33,"column":31}}},"modifiersStatementIds":[],"path":"/Users/leonidlogvinov/Dev/0x/0x-monorepo/packages/contracts/src/contracts/current/protocol/Exchange/interfaces/IWallet.sol","f":{"0":0},"s":{"1":0},"b":{},"l":{"27":0}},"/Users/leonidlogvinov/Dev/0x/0x-monorepo/packages/contracts/src/contracts/current/protocol/Exchange/libs/LibExchangeErrors.sol":{"fnMap":{},"branchMap":{},"statementMap":{},"modifiersStatementIds":[],"path":"/Users/leonidlogvinov/Dev/0x/0x-monorepo/packages/contracts/src/contracts/current/protocol/Exchange/libs/LibExchangeErrors.sol","f":{},"s":{},"b":{},"l":{}},"/Users/leonidlogvinov/Dev/0x/0x-monorepo/packages/contracts/src/contracts/current/protocol/Exchange/libs/LibFillResults.sol":{"fnMap":{"0":{"name":"addFillResults","line":44,"loc":{"start":{"line":44,"column":4},"end":{"line":52,"column":5}}}},"branchMap":{},"statementMap":{"1":{"start":{"line":44,"column":4},"end":{"line":52,"column":5}},"2":{"start":{"line":48,"column":8},"end":{"line":48,"column":140}},"3":{"start":{"line":49,"column":8},"end":{"line":49,"column":140}},"4":{"start":{"line":50,"column":8},"end":{"line":50,"column":110}},"5":{"start":{"line":51,"column":8},"end":{"line":51,"column":110}}},"modifiersStatementIds":[],"path":"/Users/leonidlogvinov/Dev/0x/0x-monorepo/packages/contracts/src/contracts/current/protocol/Exchange/libs/LibFillResults.sol","f":{"0":12},"s":{"1":12,"2":12,"3":12,"4":12,"5":12},"b":{},"l":{"44":0,"48":0,"49":0,"50":0,"51":0}},"/Users/leonidlogvinov/Dev/0x/0x-monorepo/packages/contracts/src/contracts/current/protocol/Exchange/libs/LibMath.sol":{"fnMap":{"0":{"name":"getPartialAmount","line":33,"loc":{"start":{"line":33,"column":4},"end":{"line":46,"column":5}}},"4":{"name":"isRoundingError","line":53,"loc":{"start":{"line":53,"column":4},"end":{"line":72,"column":5}}}},"branchMap":{"8":{"line":62,"type":"if","locations":[{"start":{"line":62,"column":28},"end":{"line":64,"column":9}},{"start":{"line":62,"column":8},"end":{"line":64,"column":9}}]}},"statementMap":{"1":{"start":{"line":33,"column":4},"end":{"line":46,"column":5}},"2":{"start":{"line":41,"column":8},"end":{"line":44,"column":9}},"3":{"start":{"line":45,"column":8},"end":{"line":45,"column":29}},"5":{"start":{"line":53,"column":4},"end":{"line":72,"column":5}},"6":{"start":{"line":61,"column":8},"end":{"line":61,"column":67}},"7":{"start":{"line":62,"column":8},"end":{"line":64,"column":9}},"9":{"start":{"line":63,"column":12},"end":{"line":63,"column":25}},"10":{"start":{"line":66,"column":8},"end":{"line":69,"column":10}},"11":{"start":{"line":70,"column":8},"end":{"line":70,"column":50}},"12":{"start":{"line":71,"column":8},"end":{"line":71,"column":23}}},"modifiersStatementIds":[],"path":"/Users/leonidlogvinov/Dev/0x/0x-monorepo/packages/contracts/src/contracts/current/protocol/Exchange/libs/LibMath.sol","f":{"0":201,"4":81},"s":{"1":201,"2":201,"3":0,"5":81,"6":81,"7":81,"9":74,"10":81,"11":7,"12":0},"b":{"8":[74,81]},"l":{"33":44,"41":44,"45":0,"53":22,"61":22,"62":22,"63":20,"66":22,"70":2,"71":0}},"/Users/leonidlogvinov/Dev/0x/0x-monorepo/packages/contracts/src/contracts/current/protocol/Exchange/libs/LibOrder.sol":{"fnMap":{"0":{"name":"getOrderHash","line":83,"loc":{"start":{"line":83,"column":4},"end":{"line":110,"column":5}}}},"branchMap":{},"statementMap":{"1":{"start":{"line":83,"column":4},"end":{"line":110,"column":5}},"2":{"start":{"line":90,"column":8},"end":{"line":108,"column":10}},"3":{"start":{"line":109,"column":8},"end":{"line":109,"column":25}}},"modifiersStatementIds":[],"path":"/Users/leonidlogvinov/Dev/0x/0x-monorepo/packages/contracts/src/contracts/current/protocol/Exchange/libs/LibOrder.sol","f":{"0":125},"s":{"1":125,"2":125,"3":0},"b":{},"l":{"83":39,"90":39,"109":0}},"/Users/leonidlogvinov/Dev/0x/0x-monorepo/packages/contracts/src/contracts/current/protocol/Exchange/mixins/MAssetProxyDispatcher.sol":{"fnMap":{"0":{"name":"dispatchTransferFrom","line":40,"loc":{"start":{"line":40,"column":4},"end":{"line":46,"column":17}}}},"branchMap":{},"statementMap":{"1":{"start":{"line":40,"column":4},"end":{"line":46,"column":17}}},"modifiersStatementIds":[],"path":"/Users/leonidlogvinov/Dev/0x/0x-monorepo/packages/contracts/src/contracts/current/protocol/Exchange/mixins/MAssetProxyDispatcher.sol","f":{"0":0},"s":{"1":0},"b":{},"l":{"40":0}},"/Users/leonidlogvinov/Dev/0x/0x-monorepo/packages/contracts/src/contracts/current/protocol/Exchange/mixins/MExchangeCore.sol":{"fnMap":{"0":{"name":"updateFilledState","line":63,"loc":{"start":{"line":63,"column":4},"end":{"line":70,"column":17}}},"2":{"name":"updateCancelledState","line":77,"loc":{"start":{"line":77,"column":4},"end":{"line":81,"column":17}}},"4":{"name":"assertValidFill","line":90,"loc":{"start":{"line":90,"column":4},"end":{"line":99,"column":13}}},"6":{"name":"assertValidCancel","line":105,"loc":{"start":{"line":105,"column":4},"end":{"line":110,"column":13}}},"8":{"name":"calculateFillResults","line":116,"loc":{"start":{"line":116,"column":4},"end":{"line":122,"column":64}}}},"branchMap":{},"statementMap":{"1":{"start":{"line":63,"column":4},"end":{"line":70,"column":17}},"3":{"start":{"line":77,"column":4},"end":{"line":81,"column":17}},"5":{"start":{"line":90,"column":4},"end":{"line":99,"column":13}},"7":{"start":{"line":105,"column":4},"end":{"line":110,"column":13}},"9":{"start":{"line":116,"column":4},"end":{"line":122,"column":64}}},"modifiersStatementIds":[],"path":"/Users/leonidlogvinov/Dev/0x/0x-monorepo/packages/contracts/src/contracts/current/protocol/Exchange/mixins/MExchangeCore.sol","f":{"0":0,"2":0,"4":0,"6":0,"8":0},"s":{"1":0,"3":0,"5":0,"7":0,"9":0},"b":{},"l":{"63":0,"77":0,"90":0,"105":0,"116":0}},"/Users/leonidlogvinov/Dev/0x/0x-monorepo/packages/contracts/src/contracts/current/protocol/Exchange/mixins/MMatchOrders.sol":{"fnMap":{"0":{"name":"assertValidMatch","line":32,"loc":{"start":{"line":32,"column":4},"end":{"line":37,"column":13}}},"2":{"name":"calculateMatchedFillResults","line":48,"loc":{"start":{"line":48,"column":4},"end":{"line":56,"column":78}}}},"branchMap":{},"statementMap":{"1":{"start":{"line":32,"column":4},"end":{"line":37,"column":13}},"3":{"start":{"line":48,"column":4},"end":{"line":56,"column":78}}},"modifiersStatementIds":[],"path":"/Users/leonidlogvinov/Dev/0x/0x-monorepo/packages/contracts/src/contracts/current/protocol/Exchange/mixins/MMatchOrders.sol","f":{"0":0,"2":0},"s":{"1":0,"3":0},"b":{},"l":{"32":0,"48":0}},"/Users/leonidlogvinov/Dev/0x/0x-monorepo/packages/contracts/src/contracts/current/protocol/Exchange/mixins/MSettlement.sol":{"fnMap":{"0":{"name":"settleOrder","line":30,"loc":{"start":{"line":30,"column":4},"end":{"line":35,"column":17}}},"2":{"name":"settleMatchedOrders","line":42,"loc":{"start":{"line":42,"column":4},"end":{"line":48,"column":17}}}},"branchMap":{},"statementMap":{"1":{"start":{"line":30,"column":4},"end":{"line":35,"column":17}},"3":{"start":{"line":42,"column":4},"end":{"line":48,"column":17}}},"modifiersStatementIds":[],"path":"/Users/leonidlogvinov/Dev/0x/0x-monorepo/packages/contracts/src/contracts/current/protocol/Exchange/mixins/MSettlement.sol","f":{"0":0,"2":0},"s":{"1":0,"3":0},"b":{},"l":{"30":0,"42":0}},"/Users/leonidlogvinov/Dev/0x/0x-monorepo/packages/contracts/src/contracts/current/protocol/Exchange/mixins/MSignatureValidator.sol":{"fnMap":{"0":{"name":"isValidSignature","line":44,"loc":{"start":{"line":44,"column":4},"end":{"line":51,"column":31}}}},"branchMap":{},"statementMap":{"1":{"start":{"line":44,"column":4},"end":{"line":51,"column":31}}},"modifiersStatementIds":[],"path":"/Users/leonidlogvinov/Dev/0x/0x-monorepo/packages/contracts/src/contracts/current/protocol/Exchange/mixins/MSignatureValidator.sol","f":{"0":0},"s":{"1":0},"b":{},"l":{"44":0}},"/Users/leonidlogvinov/Dev/0x/0x-monorepo/packages/contracts/src/contracts/current/protocol/Exchange/mixins/MTransactions.sol":{"fnMap":{"0":{"name":"getCurrentContextAddress","line":31,"loc":{"start":{"line":31,"column":4},"end":{"line":34,"column":26}}}},"branchMap":{},"statementMap":{"1":{"start":{"line":31,"column":4},"end":{"line":34,"column":26}}},"modifiersStatementIds":[],"path":"/Users/leonidlogvinov/Dev/0x/0x-monorepo/packages/contracts/src/contracts/current/protocol/Exchange/mixins/MTransactions.sol","f":{"0":0},"s":{"1":0},"b":{},"l":{"31":0}},"/Users/leonidlogvinov/Dev/0x/0x-monorepo/packages/contracts/src/contracts/current/test/TestAssetProxyDispatcher/TestAssetProxyDispatcher.sol":{"fnMap":{"0":{"name":"publicDispatchTransferFrom","line":25,"loc":{"start":{"line":25,"column":4},"end":{"line":33,"column":5}}}},"branchMap":{},"statementMap":{"1":{"start":{"line":25,"column":4},"end":{"line":33,"column":5}},"2":{"start":{"line":32,"column":8},"end":{"line":32,"column":61}}},"modifiersStatementIds":[],"path":"/Users/leonidlogvinov/Dev/0x/0x-monorepo/packages/contracts/src/contracts/current/test/TestAssetProxyDispatcher/TestAssetProxyDispatcher.sol","f":{"0":2},"s":{"1":2,"2":2},"b":{},"l":{"25":2,"32":2}},"/Users/leonidlogvinov/Dev/0x/0x-monorepo/packages/contracts/src/contracts/current/test/TestLibs/TestLibs.sol":{"fnMap":{"0":{"name":"publicGetPartialAmount","line":31,"loc":{"start":{"line":31,"column":4},"end":{"line":45,"column":5}}},"4":{"name":"publicIsRoundingError","line":47,"loc":{"start":{"line":47,"column":4},"end":{"line":61,"column":5}}},"8":{"name":"publicGetOrderHash","line":63,"loc":{"start":{"line":63,"column":4},"end":{"line":70,"column":5}}},"12":{"name":"getOrderSchemaHash","line":72,"loc":{"start":{"line":72,"column":4},"end":{"line":78,"column":5}}},"15":{"name":"getDomainSeparatorSchemaHash","line":80,"loc":{"start":{"line":80,"column":4},"end":{"line":86,"column":5}}},"18":{"name":"publicAddFillResults","line":88,"loc":{"start":{"line":88,"column":4},"end":{"line":95,"column":5}}}},"branchMap":{},"statementMap":{"1":{"start":{"line":31,"column":4},"end":{"line":45,"column":5}},"2":{"start":{"line":39,"column":8},"end":{"line":43,"column":9}},"3":{"start":{"line":44,"column":8},"end":{"line":44,"column":29}},"5":{"start":{"line":47,"column":4},"end":{"line":61,"column":5}},"6":{"start":{"line":55,"column":8},"end":{"line":59,"column":9}},"7":{"start":{"line":60,"column":8},"end":{"line":60,"column":23}},"9":{"start":{"line":63,"column":4},"end":{"line":70,"column":5}},"10":{"start":{"line":68,"column":8},"end":{"line":68,"column":39}},"11":{"start":{"line":69,"column":8},"end":{"line":69,"column":25}},"13":{"start":{"line":72,"column":4},"end":{"line":78,"column":5}},"14":{"start":{"line":77,"column":8},"end":{"line":77,"column":33}},"16":{"start":{"line":80,"column":4},"end":{"line":86,"column":5}},"17":{"start":{"line":85,"column":8},"end":{"line":85,"column":44}},"19":{"start":{"line":88,"column":4},"end":{"line":95,"column":5}},"20":{"start":{"line":93,"column":8},"end":{"line":93,"column":59}},"21":{"start":{"line":94,"column":8},"end":{"line":94,"column":32}}},"modifiersStatementIds":[],"path":"/Users/leonidlogvinov/Dev/0x/0x-monorepo/packages/contracts/src/contracts/current/test/TestLibs/TestLibs.sol","f":{"0":12,"4":6,"8":1,"12":1,"15":2,"18":12},"s":{"1":12,"2":10,"3":0,"5":6,"6":6,"7":0,"9":1,"10":1,"11":0,"13":1,"14":0,"16":2,"17":2,"19":12,"20":0,"21":0},"b":{},"l":{"31":12,"39":10,"44":0,"47":6,"55":6,"60":0,"63":1,"68":1,"69":0,"72":1,"77":0,"80":2,"85":2,"88":12,"93":0,"94":0}},"/Users/leonidlogvinov/Dev/0x/0x-monorepo/packages/contracts/src/contracts/current/test/TestSignatureValidator/TestSignatureValidator.sol":{"fnMap":{"0":{"name":"publicIsValidSignature","line":30,"loc":{"start":{"line":30,"column":4},"end":{"line":45,"column":5}}}},"branchMap":{},"statementMap":{"1":{"start":{"line":30,"column":4},"end":{"line":45,"column":5}},"2":{"start":{"line":39,"column":8},"end":{"line":43,"column":9}},"3":{"start":{"line":44,"column":8},"end":{"line":44,"column":23}}},"modifiersStatementIds":[],"path":"/Users/leonidlogvinov/Dev/0x/0x-monorepo/packages/contracts/src/contracts/current/test/TestSignatureValidator/TestSignatureValidator.sol","f":{"0":2},"s":{"1":2,"2":2,"3":0},"b":{},"l":{"30":2,"39":2,"44":0}},"/Users/leonidlogvinov/Dev/0x/0x-monorepo/packages/contracts/src/contracts/current/protocol/Exchange/interfaces/IExchange.sol":{"fnMap":{},"branchMap":{},"statementMap":{},"modifiersStatementIds":[],"path":"/Users/leonidlogvinov/Dev/0x/0x-monorepo/packages/contracts/src/contracts/current/protocol/Exchange/interfaces/IExchange.sol","f":{},"s":{},"b":{},"l":{}},"/Users/leonidlogvinov/Dev/0x/0x-monorepo/packages/contracts/src/contracts/current/protocol/Exchange/interfaces/IWrapperFunctions.sol":{"fnMap":{"0":{"name":"fillOrKillOrder","line":33,"loc":{"start":{"line":33,"column":4},"end":{"line":38,"column":64}}},"2":{"name":"fillOrderNoThrow","line":46,"loc":{"start":{"line":46,"column":4},"end":{"line":51,"column":64}}},"4":{"name":"batchFillOrders","line":57,"loc":{"start":{"line":57,"column":4},"end":{"line":61,"column":15}}},"6":{"name":"batchFillOrKillOrders","line":67,"loc":{"start":{"line":67,"column":4},"end":{"line":71,"column":15}}},"8":{"name":"batchFillOrdersNoThrow","line":78,"loc":{"start":{"line":78,"column":4},"end":{"line":82,"column":15}}},"10":{"name":"marketSellOrders","line":89,"loc":{"start":{"line":89,"column":4},"end":{"line":94,"column":69}}},"12":{"name":"marketSellOrdersNoThrow","line":102,"loc":{"start":{"line":102,"column":4},"end":{"line":107,"column":69}}},"14":{"name":"marketBuyOrders","line":114,"loc":{"start":{"line":114,"column":4},"end":{"line":119,"column":69}}},"16":{"name":"marketBuyOrdersNoThrow","line":127,"loc":{"start":{"line":127,"column":4},"end":{"line":132,"column":69}}},"18":{"name":"batchCancelOrders","line":136,"loc":{"start":{"line":136,"column":4},"end":{"line":137,"column":15}}}},"branchMap":{},"statementMap":{"1":{"start":{"line":33,"column":4},"end":{"line":38,"column":64}},"3":{"start":{"line":46,"column":4},"end":{"line":51,"column":64}},"5":{"start":{"line":57,"column":4},"end":{"line":61,"column":15}},"7":{"start":{"line":67,"column":4},"end":{"line":71,"column":15}},"9":{"start":{"line":78,"column":4},"end":{"line":82,"column":15}},"11":{"start":{"line":89,"column":4},"end":{"line":94,"column":69}},"13":{"start":{"line":102,"column":4},"end":{"line":107,"column":69}},"15":{"start":{"line":114,"column":4},"end":{"line":119,"column":69}},"17":{"start":{"line":127,"column":4},"end":{"line":132,"column":69}},"19":{"start":{"line":136,"column":4},"end":{"line":137,"column":15}}},"modifiersStatementIds":[],"path":"/Users/leonidlogvinov/Dev/0x/0x-monorepo/packages/contracts/src/contracts/current/protocol/Exchange/interfaces/IWrapperFunctions.sol","f":{"0":0,"2":0,"4":0,"6":0,"8":0,"10":0,"12":0,"14":0,"16":0,"18":0},"s":{"1":0,"3":0,"5":0,"7":0,"9":0,"11":0,"13":0,"15":0,"17":0,"19":0},"b":{},"l":{"33":0,"46":0,"57":0,"67":0,"78":0,"89":0,"102":0,"114":0,"127":0,"136":0}},"/Users/leonidlogvinov/Dev/0x/0x-monorepo/packages/contracts/src/contracts/current/test/Whitelist/Whitelist.sol":{"fnMap":{"0":{"name":null,"line":43,"loc":{"start":{"line":43,"column":4},"end":{"line":48,"column":5}}},"4":{"name":"updateWhitelistStatus","line":53,"loc":{"start":{"line":53,"column":4},"end":{"line":61,"column":5}}},"8":{"name":"fillOrderIfWhitelisted","line":71,"loc":{"start":{"line":71,"column":4},"end":{"line":114,"column":5}}},"16":{"name":"isValidSignature","line":122,"loc":{"start":{"line":122,"column":4},"end":{"line":132,"column":5}}}},"branchMap":{},"statementMap":{"1":{"start":{"line":43,"column":4},"end":{"line":48,"column":5}},"2":{"start":{"line":46,"column":8},"end":{"line":46,"column":39}},"3":{"start":{"line":47,"column":8},"end":{"line":47,"column":87}},"5":{"start":{"line":53,"column":4},"end":{"line":61,"column":5}},"6":{"start":{"line":60,"column":8},"end":{"line":60,"column":42}},"7":{"start":{"line":58,"column":8},"end":{"line":58,"column":17}},"9":{"start":{"line":71,"column":4},"end":{"line":114,"column":5}},"10":{"start":{"line":79,"column":8},"end":{"line":79,"column":42}},"11":{"start":{"line":82,"column":8},"end":{"line":85,"column":9}},"12":{"start":{"line":88,"column":8},"end":{"line":91,"column":9}},"13":{"start":{"line":94,"column":8},"end":{"line":97,"column":9}},"14":{"start":{"line":100,"column":8},"end":{"line":105,"column":10}},"15":{"start":{"line":108,"column":8},"end":{"line":113,"column":9}},"17":{"start":{"line":122,"column":4},"end":{"line":132,"column":5}},"18":{"start":{"line":131,"column":8},"end":{"line":131,"column":35}}},"modifiersStatementIds":[7],"path":"/Users/leonidlogvinov/Dev/0x/0x-monorepo/packages/contracts/src/contracts/current/test/Whitelist/Whitelist.sol","f":{"0":1,"4":4,"8":7,"16":1},"s":{"1":1,"2":1,"3":1,"5":4,"6":4,"7":4,"9":7,"10":3,"11":3,"12":3,"13":2,"14":3,"15":1,"17":1,"18":1},"b":{},"l":{"43":1,"46":1,"47":1,"53":4,"58":4,"60":4,"71":7,"79":3,"82":3,"88":3,"94":2,"100":3,"108":1,"122":1,"131":1}}}